[WATCH] Request reached endpoint: POST /study/sessions/start | User: 01eaaac2-0213-47b1-984f-0b1d30d45f99 | Body: {'feature_used': 'chat'}
[WATCH] Request reached endpoint: POST /study/sessions/785010d9-ab7e-4a4e-bc72-a967d51c5fce/end | User: 01eaaac2-0213-47b1-984f-0b1d30d45f99 | Session ID: 785010d9-ab7e-4a4e-bc72-a967d51c5fce
[WATCH] Request reached endpoint: POST /study/sessions/start | User: 01eaaac2-0213-47b1-984f-0b1d30d45f99 | Body: {'feature_used': 'chat'}
[WATCH] Request reached endpoint: POST /study/sessions/785010d9-ab7e-4a4e-bc72-a967d51c5fce/end | User: 01eaaac2-0213-47b1-984f-0b1d30d45f99 | Session ID: 785010d9-ab7e-4a4e-bc72-a967d51c5fce
[WATCH] Request reached endpoint: POST /study/sessions/start | User: 01eaaac2-0213-47b1-984f-0b1d30d45f99 | Body: {'feature_used': 'chat'}
[WATCH] Request reached endpoint: POST /study/sessions/785010d9-ab7e-4a4e-bc72-a967d51c5fce/end | User: 01eaaac2-0213-47b1-984f-0b1d30d45f99 | Session ID: 785010d9-ab7e-4a4e-bc72-a967d51c5fce
[WATCH] Request reached endpoint: POST /study/sessions/start | User: 01eaaac2-0213-47b1-984f-0b1d30d45f99 | Body: {'feature_used': 'chat'}
[WATCH] Request reached endpoint: POST /study/sessions/start | User: a9b5ae17-57a4-4afd-98c9-267810cec5c0 | Body: {'feature_used': 'chat'}
[WATCH] Request reached endpoint: POST /study/sessions/9980ce63-54fb-47a7-a31c-1e89772cb907/end | User: a9b5ae17-57a4-4afd-98c9-267810cec5c0 | Session ID: 9980ce63-54fb-47a7-a31c-1e89772cb907
[WATCH] Request reached endpoint: POST /study/sessions/start | User: a9b5ae17-57a4-4afd-98c9-267810cec5c0 | Body: {'feature_used': 'chat'}
[WATCH] Request reached endpoint: POST /study/sessions/cc580ae9-15b7-46c6-b982-4449b7698da6/end | User: a9b5ae17-57a4-4afd-98c9-267810cec5c0 | Session ID: cc580ae9-15b7-46c6-b982-4449b7698da6
[WATCH] Request reached endpoint: POST /study/sessions/start | User: a9b5ae17-57a4-4afd-98c9-267810cec5c0 | Body: {'feature_used': 'chat'}
[WATCH] Request reached endpoint: POST /study/sessions/f3a05591-ca39-4a61-bf3f-167757ba26a7/end | User: a9b5ae17-57a4-4afd-98c9-267810cec5c0 | Session ID: f3a05591-ca39-4a61-bf3f-167757ba26a7
[WATCH] Request reached endpoint: POST /study/sessions/start | User: 01eaaac2-0213-47b1-984f-0b1d30d45f99 | Body: {'feature_used': 'chat'}
[WATCH] Request reached endpoint: POST /study/sessions/start | User: 01eaaac2-0213-47b1-984f-0b1d30d45f99 | Body: {'feature_used': 'chat'}
[WATCH] Request reached endpoint: POST /study/sessions/785010d9-ab7e-4a4e-bc72-a967d51c5fce/end | User: 01eaaac2-0213-47b1-984f-0b1d30d45f99 | Session ID: 785010d9-ab7e-4a4e-bc72-a967d51c5fce
[WATCH] Request reached endpoint: POST /study/sessions/start | User: 01eaaac2-0213-47b1-984f-0b1d30d45f99 | Body: {'feature_used': 'chat'}
[WATCH] Request reached endpoint: POST /study/sessions/37205686-96bf-4666-8bea-eae0b550fe41/end | User: 01eaaac2-0213-47b1-984f-0b1d30d45f99 | Session ID: 37205686-96bf-4666-8bea-eae0b550fe41
[WATCH] Request reached endpoint: POST /study/sessions/start | User: 01eaaac2-0213-47b1-984f-0b1d30d45f99 | Body: {'feature_used': 'chat'}
[WATCH] Request reached endpoint: POST /study/sessions/13cb28bc-2f73-4b26-9f0c-931d724e2100/end | User: 01eaaac2-0213-47b1-984f-0b1d30d45f99 | Session ID: 13cb28bc-2f73-4b26-9f0c-931d724e2100
[WATCH] Request reached endpoint: POST /study/sessions/start | User: 01eaaac2-0213-47b1-984f-0b1d30d45f99 | Body: {'feature_used': 'chat'}
[WATCH] Request reached endpoint: POST /study/sessions/00d29dc7-39eb-4915-9e5f-36d5e52bba62/end | User: 01eaaac2-0213-47b1-984f-0b1d30d45f99 | Session ID: 00d29dc7-39eb-4915-9e5f-36d5e52bba62
[WATCH] Request reached endpoint: POST /study/sessions/start | User: 01eaaac2-0213-47b1-984f-0b1d30d45f99 | Body: {'feature_used': 'chat'}
[WATCH] Request reached endpoint: POST /study/sessions/94d643d7-bd59-4fb2-896d-61a4b4b9ef95/end | User: 01eaaac2-0213-47b1-984f-0b1d30d45f99 | Session ID: 94d643d7-bd59-4fb2-896d-61a4b4b9ef95
[WATCH] Request reached endpoint: POST /study/sessions/start | User: 01eaaac2-0213-47b1-984f-0b1d30d45f99 | Body: {'feature_used': 'flashcards'}
[WATCH] Request reached endpoint: POST /study/sessions/start | User: 01eaaac2-0213-47b1-984f-0b1d30d45f99 | Body: {'feature_used': 'flashcards'}
[WATCH] Request reached endpoint: POST /study/sessions/93783252-f724-4996-b048-bb030cbf6bcd/end | User: 01eaaac2-0213-47b1-984f-0b1d30d45f99 | Session ID: 93783252-f724-4996-b048-bb030cbf6bcd
[WATCH] Request reached endpoint: POST /study/sessions/start | User: 01eaaac2-0213-47b1-984f-0b1d30d45f99 | Body: {'feature_used': 'flashcards'}
[WATCH] Request reached endpoint: POST /study/sessions/dd643d8e-01bd-4ea1-b83c-e4bf54be6089/end | User: 01eaaac2-0213-47b1-984f-0b1d30d45f99 | Session ID: dd643d8e-01bd-4ea1-b83c-e4bf54be6089
[WATCH] Request reached endpoint: POST /study/sessions/start | User: 01eaaac2-0213-47b1-984f-0b1d30d45f99 | Body: {'feature_used': 'flashcards'}
[WATCH] Request reached endpoint: POST /study/sessions/05d10143-73e8-4e62-b3f5-0ba63912b98e/end | User: 01eaaac2-0213-47b1-984f-0b1d30d45f99 | Session ID: 05d10143-73e8-4e62-b3f5-0ba63912b98e
[WATCH] Request reached endpoint: POST /study/sessions/start | User: 01eaaac2-0213-47b1-984f-0b1d30d45f99 | Body: {'feature_used': 'chat'}
[WATCH] Request reached endpoint: POST /study/sessions/e1277959-b55c-4528-9db0-605468ca2fe8/end | User: 01eaaac2-0213-47b1-984f-0b1d30d45f99 | Session ID: e1277959-b55c-4528-9db0-605468ca2fe8
[WATCH] Request reached endpoint: POST /study/sessions/start | User: 01eaaac2-0213-47b1-984f-0b1d30d45f99 | Body: {'feature_used': 'notes'}
[WATCH] Request reached endpoint: POST /study/sessions/start | User: 01eaaac2-0213-47b1-984f-0b1d30d45f99 | Body: {'feature_used': 'chat'}
[WATCH] Request reached endpoint: POST /study/sessions/3f08e9a9-c12d-4edb-b3f8-dd7b3c9ce8a9/end | User: 01eaaac2-0213-47b1-984f-0b1d30d45f99 | Session ID: 3f08e9a9-c12d-4edb-b3f8-dd7b3c9ce8a9
[WATCH] Request reached endpoint: POST /study/sessions/start | User: 01eaaac2-0213-47b1-984f-0b1d30d45f99 | Body: {'feature_used': 'chat'}
[WATCH] Request reached endpoint: POST /study/sessions/start | User: 01eaaac2-0213-47b1-984f-0b1d30d45f99 | Body: {'feature_used': 'chat'}
[WATCH] Request reached endpoint: POST /study/sessions/b918e9ff-c036-470f-8ce5-862057acc42c/end | User: 01eaaac2-0213-47b1-984f-0b1d30d45f99 | Session ID: b918e9ff-c036-470f-8ce5-862057acc42c
[WATCH] Request reached endpoint: POST /study/sessions/b918e9ff-c036-470f-8ce5-862057acc42c/end | User: 01eaaac2-0213-47b1-984f-0b1d30d45f99 | Session ID: b918e9ff-c036-470f-8ce5-862057acc42c
[WATCH] Request reached endpoint: POST /study/sessions/b918e9ff-c036-470f-8ce5-862057acc42c/end | User: 01eaaac2-0213-47b1-984f-0b1d30d45f99 | Session ID: b918e9ff-c036-470f-8ce5-862057acc42c
[WATCH] Request reached endpoint: POST /study/sessions/b918e9ff-c036-470f-8ce5-862057acc42c/end | User: 01eaaac2-0213-47b1-984f-0b1d30d45f99 | Session ID: b918e9ff-c036-470f-8ce5-862057acc42c
[WATCH] Request reached endpoint: POST /study/sessions/b918e9ff-c036-470f-8ce5-862057acc42c/end | User: 01eaaac2-0213-47b1-984f-0b1d30d45f99 | Session ID: b918e9ff-c036-470f-8ce5-862057acc42c
[WATCH] Request reached endpoint: POST /study/sessions/b918e9ff-c036-470f-8ce5-862057acc42c/end | User: 01eaaac2-0213-47b1-984f-0b1d30d45f99 | Session ID: b918e9ff-c036-470f-8ce5-862057acc42c
[WATCH] Request reached endpoint: POST /study/sessions/b918e9ff-c036-470f-8ce5-862057acc42c/end | User: 01eaaac2-0213-47b1-984f-0b1d30d45f99 | Session ID: b918e9ff-c036-470f-8ce5-862057acc42c
[WATCH] Request reached endpoint: POST /study/sessions/b918e9ff-c036-470f-8ce5-862057acc42c/end | User: 01eaaac2-0213-47b1-984f-0b1d30d45f99 | Session ID: b918e9ff-c036-470f-8ce5-862057acc42c
[WATCH] Request reached endpoint: POST /study/sessions/b918e9ff-c036-470f-8ce5-862057acc42c/end | User: 01eaaac2-0213-47b1-984f-0b1d30d45f99 | Session ID: b918e9ff-c036-470f-8ce5-862057acc42c
[WATCH] Request reached endpoint: POST /study/sessions/b918e9ff-c036-470f-8ce5-862057acc42c/end | User: 01eaaac2-0213-47b1-984f-0b1d30d45f99 | Session ID: b918e9ff-c036-470f-8ce5-862057acc42c
[WATCH] Request reached endpoint: POST /study/sessions/b918e9ff-c036-470f-8ce5-862057acc42c/end | User: 01eaaac2-0213-47b1-984f-0b1d30d45f99 | Session ID: b918e9ff-c036-470f-8ce5-862057acc42c
[WATCH] Request reached endpoint: POST /study/sessions/b918e9ff-c036-470f-8ce5-862057acc42c/end | User: 01eaaac2-0213-47b1-984f-0b1d30d45f99 | Session ID: b918e9ff-c036-470f-8ce5-862057acc42c
[WATCH] Request reached endpoint: POST /study/sessions/b918e9ff-c036-470f-8ce5-862057acc42c/end | User: 01eaaac2-0213-47b1-984f-0b1d30d45f99 | Session ID: b918e9ff-c036-470f-8ce5-862057acc42c
[WATCH] Request reached endpoint: POST /study/sessions/b918e9ff-c036-470f-8ce5-862057acc42c/end | User: 01eaaac2-0213-47b1-984f-0b1d30d45f99 | Session ID: b918e9ff-c036-470f-8ce5-862057acc42c
[WATCH] Request reached endpoint: POST /study/sessions/start | User: 01eaaac2-0213-47b1-984f-0b1d30d45f99 | Body: {'feature_used': 'chat'}
[WATCH] Request reached endpoint: POST /study/sessions/f8307e28-c1ae-4b1c-a42a-c9b9b00f56b0/end | User: 01eaaac2-0213-47b1-984f-0b1d30d45f99 | Session ID: f8307e28-c1ae-4b1c-a42a-c9b9b00f56b0
[WATCH] Request reached endpoint: POST /study/sessions/start | User: 01eaaac2-0213-47b1-984f-0b1d30d45f99 | Body: {'feature_used': 'chat'}
[WATCH] Request reached endpoint: POST /study/sessions/8f998bf0-1f05-4923-b2c6-bfd89cdf1de0/end | User: 01eaaac2-0213-47b1-984f-0b1d30d45f99 | Session ID: 8f998bf0-1f05-4923-b2c6-bfd89cdf1de0
[WATCH] Request reached endpoint: POST /study/sessions/start | User: 01eaaac2-0213-47b1-984f-0b1d30d45f99 | Body: {'feature_used': 'chat'}
[WATCH] Request reached endpoint: POST /study/sessions/44fa5719-a275-4b63-8025-0a8de41a1682/end | User: 01eaaac2-0213-47b1-984f-0b1d30d45f99 | Session ID: 44fa5719-a275-4b63-8025-0a8de41a1682
[WATCH] Request reached endpoint: POST /study/sessions/44fa5719-a275-4b63-8025-0a8de41a1682/end | User: 01eaaac2-0213-47b1-984f-0b1d30d45f99 | Session ID: 44fa5719-a275-4b63-8025-0a8de41a1682
[WATCH] Request reached endpoint: POST /study/sessions/start | User: 01eaaac2-0213-47b1-984f-0b1d30d45f99 | Body: {'feature_used': 'chat'}
[WATCH] Request reached endpoint: POST /study/sessions/444b1e5f-ca1c-4b86-98dd-cd37017a3c14/end | User: 01eaaac2-0213-47b1-984f-0b1d30d45f99 | Session ID: 444b1e5f-ca1c-4b86-98dd-cd37017a3c14
[WATCH] Request reached endpoint: POST /study/sessions/start | User: 01eaaac2-0213-47b1-984f-0b1d30d45f99 | Body: {'feature_used': 'chat'}
[WATCH] Request reached endpoint: POST /study/sessions/54c06b76-c218-4934-908b-1e77f8ea06b4/end | User: 01eaaac2-0213-47b1-984f-0b1d30d45f99 | Session ID: 54c06b76-c218-4934-908b-1e77f8ea06b4
[WATCH] Request reached endpoint: POST /study/sessions/54c06b76-c218-4934-908b-1e77f8ea06b4/end | User: 01eaaac2-0213-47b1-984f-0b1d30d45f99 | Session ID: 54c06b76-c218-4934-908b-1e77f8ea06b4
[WATCH] Request reached endpoint: POST /study/sessions/start | User: 01eaaac2-0213-47b1-984f-0b1d30d45f99 | Body: {'feature_used': 'chat'}
[WATCH] Request reached endpoint: POST /study/sessions/54c06b76-c218-4934-908b-1e77f8ea06b4/end | User: 01eaaac2-0213-47b1-984f-0b1d30d45f99 | Session ID: 54c06b76-c218-4934-908b-1e77f8ea06b4
[WATCH] Request reached endpoint: POST /study/sessions/start | User: 01eaaac2-0213-47b1-984f-0b1d30d45f99 | Body: {'feature_used': 'chat'}
[WATCH] Request reached endpoint: POST /study/sessions/0d37b1e1-9794-4330-a345-2d29ae11df92/end | User: 01eaaac2-0213-47b1-984f-0b1d30d45f99 | Session ID: 0d37b1e1-9794-4330-a345-2d29ae11df92
[WATCH] Request reached endpoint: POST /study/sessions/start | User: 01eaaac2-0213-47b1-984f-0b1d30d45f99 | Body: {'feature_used': 'chat'}
[WATCH] Request reached endpoint: POST /study/sessions/start | User: 01eaaac2-0213-47b1-984f-0b1d30d45f99 | Body: {'feature_used': 'chat'}
[WATCH] Request reached endpoint: POST /study/sessions/4b90ba6d-6cdf-4b1d-91b2-6123e693c39d/end | User: 01eaaac2-0213-47b1-984f-0b1d30d45f99 | Session ID: 4b90ba6d-6cdf-4b1d-91b2-6123e693c39d
[WATCH] Request reached endpoint: POST /study/sessions/4b90ba6d-6cdf-4b1d-91b2-6123e693c39d/end | User: 01eaaac2-0213-47b1-984f-0b1d30d45f99 | Session ID: 4b90ba6d-6cdf-4b1d-91b2-6123e693c39d
[WATCH] Request reached endpoint: POST /study/sessions/4b90ba6d-6cdf-4b1d-91b2-6123e693c39d/end | User: 01eaaac2-0213-47b1-984f-0b1d30d45f99 | Session ID: 4b90ba6d-6cdf-4b1d-91b2-6123e693c39d
[WATCH] Request reached endpoint: POST /study/sessions/4b90ba6d-6cdf-4b1d-91b2-6123e693c39d/end | User: 01eaaac2-0213-47b1-984f-0b1d30d45f99 | Session ID: 4b90ba6d-6cdf-4b1d-91b2-6123e693c39d
[WATCH] Request reached endpoint: POST /study/sessions/4b90ba6d-6cdf-4b1d-91b2-6123e693c39d/end | User: 01eaaac2-0213-47b1-984f-0b1d30d45f99 | Session ID: 4b90ba6d-6cdf-4b1d-91b2-6123e693c39d
[WATCH] Request reached endpoint: POST /study/sessions/start | User: 01eaaac2-0213-47b1-984f-0b1d30d45f99 | Body: {'feature_used': 'chat'}
[WATCH] Request reached endpoint: POST /study/sessions/4b90ba6d-6cdf-4b1d-91b2-6123e693c39d/end | User: 01eaaac2-0213-47b1-984f-0b1d30d45f99 | Session ID: 4b90ba6d-6cdf-4b1d-91b2-6123e693c39d
[WATCH] Request reached endpoint: POST /study/sessions/start | User: 01eaaac2-0213-47b1-984f-0b1d30d45f99 | Body: {'feature_used': 'flashcards'}
[WATCH] Request reached endpoint: POST /study/sessions/start | User: 01eaaac2-0213-47b1-984f-0b1d30d45f99 | Body: {'feature_used': 'chat'}
[WATCH] Request reached endpoint: POST /study/sessions/start | User: 01eaaac2-0213-47b1-984f-0b1d30d45f99 | Body: {'feature_used': 'chat'}
[WATCH] Request reached endpoint: POST /study/sessions/f80a32a4-2a15-4e9e-a210-73d0645893b0/end | User: 01eaaac2-0213-47b1-984f-0b1d30d45f99 | Session ID: f80a32a4-2a15-4e9e-a210-73d0645893b0
[WATCH] Request reached endpoint: POST /study/sessions/start | User: 01eaaac2-0213-47b1-984f-0b1d30d45f99 | Body: {'feature_used': 'chat'}
[WATCH] Request reached endpoint: POST /study/sessions/start | User: 01eaaac2-0213-47b1-984f-0b1d30d45f99 | Body: {'feature_used': 'chat'}
[WATCH] Request reached endpoint: POST /study/sessions/6c62d2f9-400c-4705-a6b7-3f922b5d2129/end | User: 01eaaac2-0213-47b1-984f-0b1d30d45f99 | Session ID: 6c62d2f9-400c-4705-a6b7-3f922b5d2129
[WATCH] Request reached endpoint: POST /study/sessions/start | User: 01eaaac2-0213-47b1-984f-0b1d30d45f99 | Body: {'feature_used': 'chat'}
[WATCH] Request reached endpoint: POST /study/sessions/6c62d2f9-400c-4705-a6b7-3f922b5d2129/end | User: 01eaaac2-0213-47b1-984f-0b1d30d45f99 | Session ID: 6c62d2f9-400c-4705-a6b7-3f922b5d2129
[WATCH] Request reached endpoint: POST /study/sessions/start | User: 01eaaac2-0213-47b1-984f-0b1d30d45f99 | Body: {'feature_used': 'chat'}
[WATCH] Request reached endpoint: POST /study/sessions/d2108175-1319-4b49-8d7a-454febc7c27b/end | User: 01eaaac2-0213-47b1-984f-0b1d30d45f99 | Session ID: d2108175-1319-4b49-8d7a-454febc7c27b
[WATCH] Request reached endpoint: POST /study/sessions/start | User: 01eaaac2-0213-47b1-984f-0b1d30d45f99 | Body: {'feature_used': 'chat'}
[WATCH] Request reached endpoint: POST /study/sessions/91491058-6bc7-447e-a00d-8ef2f26298ce/end | User: 01eaaac2-0213-47b1-984f-0b1d30d45f99 | Session ID: 91491058-6bc7-447e-a00d-8ef2f26298ce
[WATCH] Request reached endpoint: POST /study/sessions/start | User: 01eaaac2-0213-47b1-984f-0b1d30d45f99 | Body: {'feature_used': 'chat'}
[WATCH] Request reached endpoint: POST /study/sessions/1db7a2b4-7c1e-42ae-b4a7-0df5240a66cc/end | User: 01eaaac2-0213-47b1-984f-0b1d30d45f99 | Session ID: 1db7a2b4-7c1e-42ae-b4a7-0df5240a66cc
[WATCH] Request reached endpoint: POST /study/sessions/start | User: 01eaaac2-0213-47b1-984f-0b1d30d45f99 | Body: {'feature_used': 'chat'}
[WATCH] Request reached endpoint: POST /study/sessions/771b62db-f198-43b3-a077-79eca9d5defb/end | User: 01eaaac2-0213-47b1-984f-0b1d30d45f99 | Session ID: 771b62db-f198-43b3-a077-79eca9d5defb
[WATCH] Request reached endpoint: POST /study/sessions/start | User: 01eaaac2-0213-47b1-984f-0b1d30d45f99 | Body: {'feature_used': 'chat'}
[WATCH] Request reached endpoint: POST /study/sessions/200fb201-e713-4482-9786-c8b4d40f5e04/end | User: 01eaaac2-0213-47b1-984f-0b1d30d45f99 | Session ID: 200fb201-e713-4482-9786-c8b4d40f5e04
[WATCH] Request reached endpoint: POST /study/sessions/start | User: 01eaaac2-0213-47b1-984f-0b1d30d45f99 | Body: {'feature_used': 'chat'}
[WATCH] Request reached endpoint: POST /study/sessions/start | User: 01eaaac2-0213-47b1-984f-0b1d30d45f99 | Body: {'feature_used': 'chat'}
[WATCH] Request reached endpoint: POST /study/sessions/082232ad-4d81-4d25-81dc-cd35e0f2be7e/end | User: 01eaaac2-0213-47b1-984f-0b1d30d45f99 | Session ID: 082232ad-4d81-4d25-81dc-cd35e0f2be7e
[WATCH] Request reached endpoint: POST /study/sessions/start | User: 01eaaac2-0213-47b1-984f-0b1d30d45f99 | Body: {'feature_used': 'chat'}
[WATCH] Request reached endpoint: POST /study/sessions/be743fa7-6835-463b-b621-9d488b4ac85e/end | User: 01eaaac2-0213-47b1-984f-0b1d30d45f99 | Session ID: be743fa7-6835-463b-b621-9d488b4ac85e
[WATCH] Request reached endpoint: POST /study/sessions/start | User: 01eaaac2-0213-47b1-984f-0b1d30d45f99 | Body: {'feature_used': 'chat'}
[WATCH] Request reached endpoint: POST /study/sessions/da38096a-9b95-47a8-8dfc-21f8552cbaa4/end | User: 01eaaac2-0213-47b1-984f-0b1d30d45f99 | Session ID: da38096a-9b95-47a8-8dfc-21f8552cbaa4
[WATCH] Request reached endpoint: POST /study/sessions/start | User: 01eaaac2-0213-47b1-984f-0b1d30d45f99 | Body: {'feature_used': 'chat'}
[WATCH] Request reached endpoint: POST /study/sessions/61be3a99-3262-4bd6-b2d2-098e6a1836d6/end | User: 01eaaac2-0213-47b1-984f-0b1d30d45f99 | Session ID: 61be3a99-3262-4bd6-b2d2-098e6a1836d6
[WATCH] Request reached endpoint: POST /study/sessions/start | User: 01eaaac2-0213-47b1-984f-0b1d30d45f99 | Body: {'feature_used': 'chat'}
[WATCH] Request reached endpoint: POST /study/sessions/start | User: 01eaaac2-0213-47b1-984f-0b1d30d45f99 | Body: {'feature_used': 'search'}
[WATCH] Request reached endpoint: POST /study/sessions/da62f317-6ae5-4ffd-b469-593a533c97eb/end | User: 01eaaac2-0213-47b1-984f-0b1d30d45f99 | Session ID: da62f317-6ae5-4ffd-b469-593a533c97eb
[WATCH] Request reached endpoint: POST /study/sessions/start | User: 01eaaac2-0213-47b1-984f-0b1d30d45f99 | Body: {'feature_used': 'chat'}
[WATCH] Request reached endpoint: POST /study/sessions/start | User: 01eaaac2-0213-47b1-984f-0b1d30d45f99 | Body: {'feature_used': 'chat'}
[WATCH] Request reached endpoint: POST /study/sessions/5b9a211e-dd64-4cb1-958b-1c3d9323a668/end | User: 01eaaac2-0213-47b1-984f-0b1d30d45f99 | Session ID: 5b9a211e-dd64-4cb1-958b-1c3d9323a668
[WATCH] Request reached endpoint: POST /study/sessions/start | User: 01eaaac2-0213-47b1-984f-0b1d30d45f99 | Body: {'feature_used': 'chat'}
[WATCH] Request reached endpoint: POST /study/sessions/start | User: 01eaaac2-0213-47b1-984f-0b1d30d45f99 | Body: {'feature_used': 'chat'}
[WATCH] Request reached endpoint: POST /study/sessions/e84feb30-f7d7-44f8-b132-430a59b443c7/end | User: 01eaaac2-0213-47b1-984f-0b1d30d45f99 | Session ID: e84feb30-f7d7-44f8-b132-430a59b443c7
[WATCH] Request reached endpoint: POST /study/sessions/start | User: 01eaaac2-0213-47b1-984f-0b1d30d45f99 | Body: {'feature_used': 'chat'}
[WATCH] Request reached endpoint: POST /study/sessions/1fa92d4c-347e-4b4e-ab80-fd7bef709a27/end | User: 01eaaac2-0213-47b1-984f-0b1d30d45f99 | Session ID: 1fa92d4c-347e-4b4e-ab80-fd7bef709a27
[WATCH] Request reached endpoint: POST /study/sessions/start | User: 01eaaac2-0213-47b1-984f-0b1d30d45f99 | Body: {'feature_used': 'chat'}
[WATCH] Request reached endpoint: POST /study/sessions/1a70c939-906b-486c-8498-b69c00e1fcf7/end | User: 01eaaac2-0213-47b1-984f-0b1d30d45f99 | Session ID: 1a70c939-906b-486c-8498-b69c00e1fcf7
[WATCH] Request reached endpoint: POST /study/sessions/start | User: 01eaaac2-0213-47b1-984f-0b1d30d45f99 | Body: {'feature_used': 'chat'}
[WATCH] Request reached endpoint: POST /study/sessions/bf5ae75c-f68a-4066-a0e7-ab618bfc0b9e/end | User: 01eaaac2-0213-47b1-984f-0b1d30d45f99 | Session ID: bf5ae75c-f68a-4066-a0e7-ab618bfc0b9e
[WATCH] Request reached endpoint: POST /study/sessions/start | User: 01eaaac2-0213-47b1-984f-0b1d30d45f99 | Body: {'feature_used': 'chat'}
[WATCH] Request reached endpoint: POST /study/sessions/d64849e5-867d-4c93-b484-b5bffe4b00b5/end | User: 01eaaac2-0213-47b1-984f-0b1d30d45f99 | Session ID: d64849e5-867d-4c93-b484-b5bffe4b00b5
[WATCH] Request reached endpoint: POST /study/sessions/start | User: 01eaaac2-0213-47b1-984f-0b1d30d45f99 | Body: {'feature_used': 'chat'}
[WATCH] Request reached endpoint: POST /study/sessions/ac32780c-b832-4366-88dc-1fa6779d702e/end | User: 01eaaac2-0213-47b1-984f-0b1d30d45f99 | Session ID: ac32780c-b832-4366-88dc-1fa6779d702e
[WATCH] Request reached endpoint: POST /study/sessions/start | User: 01eaaac2-0213-47b1-984f-0b1d30d45f99 | Body: {'feature_used': 'chat'}
[WATCH] Request reached endpoint: POST /study/sessions/2faea011-d064-46e0-90c3-5fb9c01be089/end | User: 01eaaac2-0213-47b1-984f-0b1d30d45f99 | Session ID: 2faea011-d064-46e0-90c3-5fb9c01be089
[WATCH] Request reached endpoint: POST /study/sessions/start | User: 01eaaac2-0213-47b1-984f-0b1d30d45f99 | Body: {'feature_used': 'chat'}
[WATCH] Request reached endpoint: POST /study/sessions/260010a7-c1ac-4c6e-9f25-13cde30824d7/end | User: 01eaaac2-0213-47b1-984f-0b1d30d45f99 | Session ID: 260010a7-c1ac-4c6e-9f25-13cde30824d7
[WATCH] Request reached endpoint: POST /study/sessions/start | User: 01eaaac2-0213-47b1-984f-0b1d30d45f99 | Body: {'feature_used': 'chat'}
[WATCH] Request reached endpoint: POST /study/sessions/77e02dae-d26b-4421-9f5c-c79b22c9be83/end | User: 01eaaac2-0213-47b1-984f-0b1d30d45f99 | Session ID: 77e02dae-d26b-4421-9f5c-c79b22c9be83
[WATCH] Request reached endpoint: POST /study/sessions/start | User: 01eaaac2-0213-47b1-984f-0b1d30d45f99 | Body: {'feature_used': 'chat'}
[WATCH] Request reached endpoint: POST /study/sessions/fdbdcd39-c35c-4112-9d00-0d4356c2f18c/end | User: 01eaaac2-0213-47b1-984f-0b1d30d45f99 | Session ID: fdbdcd39-c35c-4112-9d00-0d4356c2f18c
[WATCH] Request reached endpoint: POST /study/sessions/start | User: 01eaaac2-0213-47b1-984f-0b1d30d45f99 | Body: {'feature_used': 'chat'}
[WATCH] Request reached endpoint: POST /study/sessions/87b01d81-905f-4047-b078-11dacb26d6f0/end | User: 01eaaac2-0213-47b1-984f-0b1d30d45f99 | Session ID: 87b01d81-905f-4047-b078-11dacb26d6f0
[WATCH] Request reached endpoint: POST /study/sessions/start | User: 01eaaac2-0213-47b1-984f-0b1d30d45f99 | Body: {'feature_used': 'chat'}
[WATCH] Request reached endpoint: POST /study/sessions/830926f4-3e73-4aca-8983-002537922c0f/end | User: 01eaaac2-0213-47b1-984f-0b1d30d45f99 | Session ID: 830926f4-3e73-4aca-8983-002537922c0f
[WATCH] Request reached endpoint: POST /study/sessions/start | User: 01eaaac2-0213-47b1-984f-0b1d30d45f99 | Body: {'feature_used': 'chat'}
[WATCH] Request reached endpoint: POST /study/sessions/cd6adab6-67f4-4da6-82b9-1ff01f34f6c9/end | User: 01eaaac2-0213-47b1-984f-0b1d30d45f99 | Session ID: cd6adab6-67f4-4da6-82b9-1ff01f34f6c9
[WATCH] Request reached endpoint: POST /study/sessions/start | User: 01eaaac2-0213-47b1-984f-0b1d30d45f99 | Body: {'feature_used': 'chat'}
[WATCH] Request reached endpoint: POST /study/sessions/d8b72123-2d10-465b-8749-3cf0a98c4af6/end | User: 01eaaac2-0213-47b1-984f-0b1d30d45f99 | Session ID: d8b72123-2d10-465b-8749-3cf0a98c4af6
[WATCH] Request reached endpoint: POST /study/sessions/start | User: 01eaaac2-0213-47b1-984f-0b1d30d45f99 | Body: {'feature_used': 'chat'}
[WATCH] Request reached endpoint: POST /study/sessions/53ebca9c-9ea1-404e-8140-d00b54d987e2/end | User: 01eaaac2-0213-47b1-984f-0b1d30d45f99 | Session ID: 53ebca9c-9ea1-404e-8140-d00b54d987e2
[WATCH] Request reached endpoint: POST /study/sessions/start | User: 01eaaac2-0213-47b1-984f-0b1d30d45f99 | Body: {'feature_used': 'chat'}
[WATCH] Request reached endpoint: POST /study/sessions/e9bfe3d5-e792-439c-83e4-4a5a5645dafc/end | User: 01eaaac2-0213-47b1-984f-0b1d30d45f99 | Session ID: e9bfe3d5-e792-439c-83e4-4a5a5645dafc
[WATCH] Request reached endpoint: POST /study/sessions/start | User: 01eaaac2-0213-47b1-984f-0b1d30d45f99 | Body: {'feature_used': 'chat'}
[WATCH] Request reached endpoint: POST /study/sessions/8685ec02-7407-474e-bb72-39e2ea37a5c6/end | User: 01eaaac2-0213-47b1-984f-0b1d30d45f99 | Session ID: 8685ec02-7407-474e-bb72-39e2ea37a5c6
[WATCH] Request reached endpoint: POST /study/sessions/start | User: 01eaaac2-0213-47b1-984f-0b1d30d45f99 | Body: {'feature_used': 'chat'}
[WATCH] Request reached endpoint: POST /study/sessions/e9f43150-2923-459f-b6a5-8189df2788e7/end | User: 01eaaac2-0213-47b1-984f-0b1d30d45f99 | Session ID: e9f43150-2923-459f-b6a5-8189df2788e7
[WATCH] Request reached endpoint: POST /study/sessions/start | User: 01eaaac2-0213-47b1-984f-0b1d30d45f99 | Body: {'feature_used': 'chat'}
[WATCH] Request reached endpoint: POST /study/sessions/8449938a-7fb7-476b-99b3-a3189b52e8d1/end | User: 01eaaac2-0213-47b1-984f-0b1d30d45f99 | Session ID: 8449938a-7fb7-476b-99b3-a3189b52e8d1
[WATCH] Request reached endpoint: POST /study/sessions/start | User: 01eaaac2-0213-47b1-984f-0b1d30d45f99 | Body: {'feature_used': 'chat'}
[WATCH] Request reached endpoint: POST /study/sessions/8cfe5ed8-9ebf-48e9-8b35-c58789ca2e52/end | User: 01eaaac2-0213-47b1-984f-0b1d30d45f99 | Session ID: 8cfe5ed8-9ebf-48e9-8b35-c58789ca2e52
[WATCH] Request reached endpoint: POST /study/sessions/start | User: 01eaaac2-0213-47b1-984f-0b1d30d45f99 | Body: {'feature_used': 'chat'}
[WATCH] Request reached endpoint: POST /study/sessions/b6c8d3e0-694b-4474-9cae-6287015d55ab/end | User: 01eaaac2-0213-47b1-984f-0b1d30d45f99 | Session ID: b6c8d3e0-694b-4474-9cae-6287015d55ab
[WATCH] Request reached endpoint: POST /study/sessions/b6c8d3e0-694b-4474-9cae-6287015d55ab/end | User: 01eaaac2-0213-47b1-984f-0b1d30d45f99 | Session ID: b6c8d3e0-694b-4474-9cae-6287015d55ab
[WATCH] Request reached endpoint: POST /study/sessions/b6c8d3e0-694b-4474-9cae-6287015d55ab/end | User: 01eaaac2-0213-47b1-984f-0b1d30d45f99 | Session ID: b6c8d3e0-694b-4474-9cae-6287015d55ab
[WATCH] Request reached endpoint: POST /study/sessions/b6c8d3e0-694b-4474-9cae-6287015d55ab/end | User: 01eaaac2-0213-47b1-984f-0b1d30d45f99 | Session ID: b6c8d3e0-694b-4474-9cae-6287015d55ab
[WATCH] Request reached endpoint: POST /study/sessions/b6c8d3e0-694b-4474-9cae-6287015d55ab/end | User: 01eaaac2-0213-47b1-984f-0b1d30d45f99 | Session ID: b6c8d3e0-694b-4474-9cae-6287015d55ab
[WATCH] Request reached endpoint: POST /study/sessions/start | User: 01eaaac2-0213-47b1-984f-0b1d30d45f99 | Body: {'feature_used': 'chat'}
[WATCH] Request reached endpoint: POST /study/sessions/e854adba-7ebb-46e2-a1b9-0c25007aeead/end | User: 01eaaac2-0213-47b1-984f-0b1d30d45f99 | Session ID: e854adba-7ebb-46e2-a1b9-0c25007aeead
[WATCH] Request reached endpoint: POST /study/sessions/start | User: 01eaaac2-0213-47b1-984f-0b1d30d45f99 | Body: {'feature_used': 'chat'}
[WATCH] Request reached endpoint: POST /study/sessions/e330f1ad-1b85-45d8-bc68-87d9458fa71a/end | User: 01eaaac2-0213-47b1-984f-0b1d30d45f99 | Session ID: e330f1ad-1b85-45d8-bc68-87d9458fa71a
[WATCH] Request reached endpoint: POST /study/sessions/start | User: 01eaaac2-0213-47b1-984f-0b1d30d45f99 | Body: {'feature_used': 'chat'}
[WATCH] Request reached endpoint: POST /study/sessions/start | User: 01eaaac2-0213-47b1-984f-0b1d30d45f99 | Body: {'feature_used': 'chat'}
[WATCH] Request reached endpoint: POST /study/sessions/ca04f215-15d8-49f1-930e-647381fe5ac0/end | User: 01eaaac2-0213-47b1-984f-0b1d30d45f99 | Session ID: ca04f215-15d8-49f1-930e-647381fe5ac0
[WATCH] Request reached endpoint: POST /study/sessions/start | User: 01eaaac2-0213-47b1-984f-0b1d30d45f99 | Body: {'feature_used': 'chat'}
[WATCH] Request reached endpoint: POST /study/sessions/981af0a4-b7d7-4e08-b8b7-74f474fdd665/end | User: 01eaaac2-0213-47b1-984f-0b1d30d45f99 | Session ID: 981af0a4-b7d7-4e08-b8b7-74f474fdd665
[WATCH] Request reached endpoint: POST /study/sessions/start | User: 01eaaac2-0213-47b1-984f-0b1d30d45f99 | Body: {'feature_used': 'chat'}
[WATCH] Request reached endpoint: POST /study/sessions/5427e38c-56be-42ae-8ba1-1b13ded4e8cd/end | User: 01eaaac2-0213-47b1-984f-0b1d30d45f99 | Session ID: 5427e38c-56be-42ae-8ba1-1b13ded4e8cd
[WATCH] Request reached endpoint: POST /study/sessions/start | User: 01eaaac2-0213-47b1-984f-0b1d30d45f99 | Body: {'feature_used': 'chat'}
[WATCH] Request reached endpoint: POST /study/sessions/2bc02cc9-304a-44be-ac10-1e5b793a52ad/end | User: 01eaaac2-0213-47b1-984f-0b1d30d45f99 | Session ID: 2bc02cc9-304a-44be-ac10-1e5b793a52ad
[WATCH] Request reached endpoint: POST /study/sessions/start | User: 01eaaac2-0213-47b1-984f-0b1d30d45f99 | Body: {'feature_used': 'chat'}
[WATCH] Request reached endpoint: POST /study/sessions/9a7f51cb-8077-432d-aaca-7d1153893100/end | User: 01eaaac2-0213-47b1-984f-0b1d30d45f99 | Session ID: 9a7f51cb-8077-432d-aaca-7d1153893100
[WATCH] Request reached endpoint: POST /study/sessions/start | User: 01eaaac2-0213-47b1-984f-0b1d30d45f99 | Body: {'feature_used': 'chat'}
[WATCH] Request reached endpoint: POST /study/sessions/b7ad5fe0-7163-4ac2-aeab-182ef61fb4ba/end | User: 01eaaac2-0213-47b1-984f-0b1d30d45f99 | Session ID: b7ad5fe0-7163-4ac2-aeab-182ef61fb4ba
[WATCH] Request reached endpoint: POST /study/sessions/start | User: 01eaaac2-0213-47b1-984f-0b1d30d45f99 | Body: {'feature_used': 'chat'}
[WATCH] Request reached endpoint: POST /study/sessions/775da869-915e-40a2-a0f2-5665cd5553b1/end | User: 01eaaac2-0213-47b1-984f-0b1d30d45f99 | Session ID: 775da869-915e-40a2-a0f2-5665cd5553b1
[WATCH] Request reached endpoint: POST /study/sessions/start | User: 01eaaac2-0213-47b1-984f-0b1d30d45f99 | Body: {'feature_used': 'chat'}
[WATCH] Request reached endpoint: POST /study/sessions/edab665e-0bce-47e5-933b-5bc2e21b8ddd/end | User: 01eaaac2-0213-47b1-984f-0b1d30d45f99 | Session ID: edab665e-0bce-47e5-933b-5bc2e21b8ddd
[WATCH] Request reached endpoint: POST /study/sessions/start | User: 01eaaac2-0213-47b1-984f-0b1d30d45f99 | Body: {'feature_used': 'quiz'}
[WATCH] Request reached endpoint: POST /study/sessions/404e70f6-3fce-4ade-b0f9-0bbadc9c8d9e/end | User: 01eaaac2-0213-47b1-984f-0b1d30d45f99 | Session ID: 404e70f6-3fce-4ade-b0f9-0bbadc9c8d9e
[WATCH] Request reached endpoint: POST /study/sessions/start | User: 01eaaac2-0213-47b1-984f-0b1d30d45f99 | Body: {'feature_used': 'quiz'}
[WATCH] Request reached endpoint: POST /study/sessions/774701c2-d813-4b8e-b381-a9521771fa05/end | User: 01eaaac2-0213-47b1-984f-0b1d30d45f99 | Session ID: 774701c2-d813-4b8e-b381-a9521771fa05
[WATCH] Request reached endpoint: POST /study/sessions/start | User: 01eaaac2-0213-47b1-984f-0b1d30d45f99 | Body: {'feature_used': 'quiz'}
[WATCH] Request reached endpoint: POST /study/sessions/35e03e47-74e8-45c2-a959-e2a84859aa1c/end | User: 01eaaac2-0213-47b1-984f-0b1d30d45f99 | Session ID: 35e03e47-74e8-45c2-a959-e2a84859aa1c
[WATCH] Request reached endpoint: POST /study/sessions/start | User: 01eaaac2-0213-47b1-984f-0b1d30d45f99 | Body: {'feature_used': 'search'}
[WATCH] Request reached endpoint: POST /study/sessions/start | User: 01eaaac2-0213-47b1-984f-0b1d30d45f99 | Body: {'feature_used': 'document_reading'}
[WATCH] Request reached endpoint: POST /study/sessions/2ce55131-5875-4e2e-9ae0-eed666301ae2/end | User: 01eaaac2-0213-47b1-984f-0b1d30d45f99 | Session ID: 2ce55131-5875-4e2e-9ae0-eed666301ae2
[WATCH] Request reached endpoint: POST /study/sessions/start | User: 01eaaac2-0213-47b1-984f-0b1d30d45f99 | Body: {'feature_used': 'chat'}
[WATCH] Request reached endpoint: POST /study/sessions/b085346d-73ef-48d7-8cdd-095eb551b4ec/end | User: 01eaaac2-0213-47b1-984f-0b1d30d45f99 | Session ID: b085346d-73ef-48d7-8cdd-095eb551b4ec
[WATCH] Request reached endpoint: POST /study/sessions/start | User: 01eaaac2-0213-47b1-984f-0b1d30d45f99 | Body: {'feature_used': 'chat'}
[WATCH] Request reached endpoint: POST /study/sessions/a3bef813-3ac4-473d-9187-7fdbecfd3404/end | User: 01eaaac2-0213-47b1-984f-0b1d30d45f99 | Session ID: a3bef813-3ac4-473d-9187-7fdbecfd3404
[WATCH] Request reached endpoint: POST /study/sessions/start | User: 01eaaac2-0213-47b1-984f-0b1d30d45f99 | Body: {'feature_used': 'chat'}
[WATCH] Request reached endpoint: POST /study/sessions/a3bef813-3ac4-473d-9187-7fdbecfd3404/end | User: 01eaaac2-0213-47b1-984f-0b1d30d45f99 | Session ID: a3bef813-3ac4-473d-9187-7fdbecfd3404
[WATCH] Request reached endpoint: POST /study/sessions/start | User: 01eaaac2-0213-47b1-984f-0b1d30d45f99 | Body: {'feature_used': 'quiz'}
[WATCH] Request reached endpoint: POST /study/sessions/60a87164-b205-4862-9863-8b654f030469/end | User: 01eaaac2-0213-47b1-984f-0b1d30d45f99 | Session ID: 60a87164-b205-4862-9863-8b654f030469
[WATCH] Request reached endpoint: POST /study/sessions/start | User: 01eaaac2-0213-47b1-984f-0b1d30d45f99 | Body: {'feature_used': 'quiz'}
[WATCH] Request reached endpoint: POST /study/sessions/67556206-4b29-47a6-81d3-edbf5f966bd6/end | User: 01eaaac2-0213-47b1-984f-0b1d30d45f99 | Session ID: 67556206-4b29-47a6-81d3-edbf5f966bd6
[WATCH] Request reached endpoint: POST /study/sessions/start | User: 01eaaac2-0213-47b1-984f-0b1d30d45f99 | Body: {'feature_used': 'quiz'}
[WATCH] Request reached endpoint: POST /study/sessions/bbc3eb77-6d5b-460f-b8a3-dde0bb8b076f/end | User: 01eaaac2-0213-47b1-984f-0b1d30d45f99 | Session ID: bbc3eb77-6d5b-460f-b8a3-dde0bb8b076f
[WATCH] Request reached endpoint: POST /study/sessions/start | User: 01eaaac2-0213-47b1-984f-0b1d30d45f99 | Body: {'feature_used': 'chat'}
[WATCH] Request reached endpoint: POST /study/sessions/2dc147c7-ff48-45b5-9672-d5dd0db19bdc/end | User: 01eaaac2-0213-47b1-984f-0b1d30d45f99 | Session ID: 2dc147c7-ff48-45b5-9672-d5dd0db19bdc
[WATCH] Request reached endpoint: POST /study/sessions/start | User: 01eaaac2-0213-47b1-984f-0b1d30d45f99 | Body: {'feature_used': 'flashcards'}
[WATCH] Request reached endpoint: POST /study/sessions/start | User: 01eaaac2-0213-47b1-984f-0b1d30d45f99 | Body: {'feature_used': 'quiz'}
[WATCH] Request reached endpoint: POST /study/sessions/adb585f2-b41a-4674-9d3a-9823c3b81f2c/end | User: 01eaaac2-0213-47b1-984f-0b1d30d45f99 | Session ID: adb585f2-b41a-4674-9d3a-9823c3b81f2c
[WATCH] Request reached endpoint: POST /study/sessions/start | User: 01eaaac2-0213-47b1-984f-0b1d30d45f99 | Body: {'feature_used': 'document_reading'}
[WATCH] Request reached endpoint: POST /study/sessions/9916fd06-1331-42c2-914c-98a8f2d36314/end | User: 01eaaac2-0213-47b1-984f-0b1d30d45f99 | Session ID: 9916fd06-1331-42c2-914c-98a8f2d36314
[WATCH] Request reached endpoint: POST /study/sessions/start | User: 01eaaac2-0213-47b1-984f-0b1d30d45f99 | Body: {'feature_used': 'chat'}
[WATCH] Request reached endpoint: POST /study/sessions/de03dcb8-f22f-4889-b1cf-6a257e5bcf66/end | User: 01eaaac2-0213-47b1-984f-0b1d30d45f99 | Session ID: de03dcb8-f22f-4889-b1cf-6a257e5bcf66
[WATCH] Request reached endpoint: POST /study/sessions/start | User: 01eaaac2-0213-47b1-984f-0b1d30d45f99 | Body: {'feature_used': 'document_reading'}
[WATCH] Request reached endpoint: POST /study/sessions/start | User: 01eaaac2-0213-47b1-984f-0b1d30d45f99 | Body: {'feature_used': 'search'}
[WATCH] Request reached endpoint: POST /study/sessions/c5ae517b-cc9e-4c13-b635-4ba820295903/end | User: 01eaaac2-0213-47b1-984f-0b1d30d45f99 | Session ID: c5ae517b-cc9e-4c13-b635-4ba820295903
[WATCH] Request reached endpoint: POST /study/sessions/start | User: 01eaaac2-0213-47b1-984f-0b1d30d45f99 | Body: {'feature_used': 'flashcards'}
[WATCH] Request reached endpoint: POST /study/sessions/8e20a2d1-49f1-40ea-afbe-39583290815f/end | User: 01eaaac2-0213-47b1-984f-0b1d30d45f99 | Session ID: 8e20a2d1-49f1-40ea-afbe-39583290815f
[WATCH] Request reached endpoint: POST /study/sessions/dc365b4c-66c4-4ed3-9a8c-b2ce0ed2788b/end | User: 01eaaac2-0213-47b1-984f-0b1d30d45f99 | Session ID: dc365b4c-66c4-4ed3-9a8c-b2ce0ed2788b
[WATCH] Request reached endpoint: POST /study/sessions/start | User: 01eaaac2-0213-47b1-984f-0b1d30d45f99 | Body: {'feature_used': 'flashcards'}
[WATCH] Request reached endpoint: POST /study/sessions/2dee2989-b180-4189-ba5b-3bf6234fe461/end | User: 01eaaac2-0213-47b1-984f-0b1d30d45f99 | Session ID: 2dee2989-b180-4189-ba5b-3bf6234fe461
[WATCH] Request reached endpoint: POST /study/sessions/start | User: 01eaaac2-0213-47b1-984f-0b1d30d45f99 | Body: {'feature_used': 'flashcards'}
[WATCH] Request reached endpoint: POST /study/sessions/f1c5f8fa-1f48-4e08-90e1-c66dbc4af8f5/end | User: 01eaaac2-0213-47b1-984f-0b1d30d45f99 | Session ID: f1c5f8fa-1f48-4e08-90e1-c66dbc4af8f5
[WATCH] Request reached endpoint: POST /study/sessions/start | User: 01eaaac2-0213-47b1-984f-0b1d30d45f99 | Body: {'feature_used': 'flashcards'}
[WATCH] Request reached endpoint: POST /study/sessions/8b6fa549-10b0-4876-bbbc-bacac80ba8dd/end | User: 01eaaac2-0213-47b1-984f-0b1d30d45f99 | Session ID: 8b6fa549-10b0-4876-bbbc-bacac80ba8dd
[WATCH] Request reached endpoint: POST /study/sessions/start | User: 01eaaac2-0213-47b1-984f-0b1d30d45f99 | Body: {'feature_used': 'flashcards'}
[WATCH] Request reached endpoint: POST /study/sessions/8ab9ed29-85d2-42c5-9952-7295e6187d38/end | User: 01eaaac2-0213-47b1-984f-0b1d30d45f99 | Session ID: 8ab9ed29-85d2-42c5-9952-7295e6187d38
[WATCH] Request reached endpoint: POST /study/sessions/start | User: 01eaaac2-0213-47b1-984f-0b1d30d45f99 | Body: {'feature_used': 'chat'}
[WATCH] Request reached endpoint: POST /study/sessions/979ef0b0-56e3-4d8c-bfb4-62b4312e2ba6/end | User: 01eaaac2-0213-47b1-984f-0b1d30d45f99 | Session ID: 979ef0b0-56e3-4d8c-bfb4-62b4312e2ba6
[WATCH] Request reached endpoint: POST /study/sessions/start | User: 01eaaac2-0213-47b1-984f-0b1d30d45f99 | Body: {'feature_used': 'quiz'}
[WATCH] Request reached endpoint: POST /study/sessions/833b9bef-0b18-4c40-901a-b00295a545ce/end | User: 01eaaac2-0213-47b1-984f-0b1d30d45f99 | Session ID: 833b9bef-0b18-4c40-901a-b00295a545ce
[WATCH] Request reached endpoint: POST /study/sessions/start | User: 01eaaac2-0213-47b1-984f-0b1d30d45f99 | Body: {'feature_used': 'flashcards'}
[WATCH] Request reached endpoint: POST /study/sessions/fcfa9446-cf7c-4bed-996f-6e2e21febaf4/end | User: 01eaaac2-0213-47b1-984f-0b1d30d45f99 | Session ID: fcfa9446-cf7c-4bed-996f-6e2e21febaf4
[WATCH] Request reached endpoint: POST /study/sessions/start | User: 01eaaac2-0213-47b1-984f-0b1d30d45f99 | Body: {'feature_used': 'flashcards'}
[WATCH] Request reached endpoint: POST /study/sessions/0cea14a7-be0b-4d4f-99c4-7d3cf00f0f32/end | User: 01eaaac2-0213-47b1-984f-0b1d30d45f99 | Session ID: 0cea14a7-be0b-4d4f-99c4-7d3cf00f0f32
[WATCH] Request reached endpoint: POST /study/sessions/start | User: 01eaaac2-0213-47b1-984f-0b1d30d45f99 | Body: {'feature_used': 'flashcards'}
[WATCH] Request reached endpoint: POST /study/sessions/e5e4c3f4-f75f-4889-bc3b-dc59d45b4384/end | User: 01eaaac2-0213-47b1-984f-0b1d30d45f99 | Session ID: e5e4c3f4-f75f-4889-bc3b-dc59d45b4384
[WATCH] Request reached endpoint: POST /study/sessions/start | User: 01eaaac2-0213-47b1-984f-0b1d30d45f99 | Body: {'feature_used': 'flashcards'}
[WATCH] Request reached endpoint: POST /study/sessions/start | User: 01eaaac2-0213-47b1-984f-0b1d30d45f99 | Body: {'feature_used': 'flashcards'}
[WATCH] Request reached endpoint: POST /study/sessions/c99b6c13-144f-4588-8d11-9c48b5f0adc9/end | User: 01eaaac2-0213-47b1-984f-0b1d30d45f99 | Session ID: c99b6c13-144f-4588-8d11-9c48b5f0adc9
[WATCH] Request reached endpoint: POST /study/sessions/start | User: 01eaaac2-0213-47b1-984f-0b1d30d45f99 | Body: {'feature_used': 'flashcards'}
[WATCH] Request reached endpoint: POST /study/sessions/911d5e1d-e62b-4493-8b87-c9d840a3c44a/end | User: 01eaaac2-0213-47b1-984f-0b1d30d45f99 | Session ID: 911d5e1d-e62b-4493-8b87-c9d840a3c44a
[WATCH] Request reached endpoint: POST /study/sessions/start | User: 01eaaac2-0213-47b1-984f-0b1d30d45f99 | Body: {'feature_used': 'flashcards'}
[WATCH] Request reached endpoint: POST /study/sessions/start | User: 01eaaac2-0213-47b1-984f-0b1d30d45f99 | Body: {'feature_used': 'quiz'}
[WATCH] Request reached endpoint: POST /study/sessions/52952550-b991-4036-a3b4-1f55f0ff6af2/end | User: 01eaaac2-0213-47b1-984f-0b1d30d45f99 | Session ID: 52952550-b991-4036-a3b4-1f55f0ff6af2
[WATCH] Request reached endpoint: POST /study/sessions/171d9164-1d84-44bf-96e0-457fe6657ebe/end | User: 01eaaac2-0213-47b1-984f-0b1d30d45f99 | Session ID: 171d9164-1d84-44bf-96e0-457fe6657ebe
[WATCH] Request reached endpoint: POST /study/sessions/start | User: 01eaaac2-0213-47b1-984f-0b1d30d45f99 | Body: {'feature_used': 'quiz'}
[WATCH] Request reached endpoint: POST /study/sessions/171d9164-1d84-44bf-96e0-457fe6657ebe/end | User: 01eaaac2-0213-47b1-984f-0b1d30d45f99 | Session ID: 171d9164-1d84-44bf-96e0-457fe6657ebe
[WATCH] Request reached endpoint: POST /study/sessions/171d9164-1d84-44bf-96e0-457fe6657ebe/end | User: 01eaaac2-0213-47b1-984f-0b1d30d45f99 | Session ID: 171d9164-1d84-44bf-96e0-457fe6657ebe
[WATCH] Request reached endpoint: POST /study/sessions/171d9164-1d84-44bf-96e0-457fe6657ebe/end | User: 01eaaac2-0213-47b1-984f-0b1d30d45f99 | Session ID: 171d9164-1d84-44bf-96e0-457fe6657ebe
[WATCH] Request reached endpoint: POST /study/sessions/start | User: 01eaaac2-0213-47b1-984f-0b1d30d45f99 | Body: {'feature_used': 'quiz'}
[WATCH] Request reached endpoint: POST /study/sessions/c54b4b8b-4dea-4afa-a73e-3ce3f7763433/end | User: 01eaaac2-0213-47b1-984f-0b1d30d45f99 | Session ID: c54b4b8b-4dea-4afa-a73e-3ce3f7763433
[WATCH] Request reached endpoint: POST /study/sessions/start | User: 01eaaac2-0213-47b1-984f-0b1d30d45f99 | Body: {'feature_used': 'quiz'}
[WATCH] Request reached endpoint: POST /study/sessions/17302f4f-df8c-4c2a-bee1-4626460fbcbd/end | User: 01eaaac2-0213-47b1-984f-0b1d30d45f99 | Session ID: 17302f4f-df8c-4c2a-bee1-4626460fbcbd
[WATCH] Request reached endpoint: POST /study/sessions/start | User: 01eaaac2-0213-47b1-984f-0b1d30d45f99 | Body: {'feature_used': 'quiz'}
[WATCH] Request reached endpoint: POST /study/sessions/start | User: 01eaaac2-0213-47b1-984f-0b1d30d45f99 | Body: {'feature_used': 'quiz'}
[WATCH] Request reached endpoint: POST /study/sessions/230f8855-236e-4675-b8d8-324540ebf67e/end | User: 01eaaac2-0213-47b1-984f-0b1d30d45f99 | Session ID: 230f8855-236e-4675-b8d8-324540ebf67e
[WATCH] Request reached endpoint: POST /study/sessions/start | User: 01eaaac2-0213-47b1-984f-0b1d30d45f99 | Body: {'feature_used': 'quiz'}
[WATCH] Request reached endpoint: POST /study/sessions/a7f9f68f-508d-458d-87da-6a6e315c27d7/end | User: 01eaaac2-0213-47b1-984f-0b1d30d45f99 | Session ID: a7f9f68f-508d-458d-87da-6a6e315c27d7
[WATCH] Request reached endpoint: POST /study/sessions/a7f9f68f-508d-458d-87da-6a6e315c27d7/end | User: 01eaaac2-0213-47b1-984f-0b1d30d45f99 | Session ID: a7f9f68f-508d-458d-87da-6a6e315c27d7
[WATCH] Request reached endpoint: POST /study/sessions/start | User: 01eaaac2-0213-47b1-984f-0b1d30d45f99 | Body: {'feature_used': 'quiz'}
[WATCH] Request reached endpoint: POST /study/sessions/start | User: 01eaaac2-0213-47b1-984f-0b1d30d45f99 | Body: {'feature_used': 'quiz'}
[WATCH] Request reached endpoint: POST /study/sessions/a684c16e-1c9a-4764-98e3-2f562c412479/end | User: 01eaaac2-0213-47b1-984f-0b1d30d45f99 | Session ID: a684c16e-1c9a-4764-98e3-2f562c412479
[WATCH] Request reached endpoint: POST /study/sessions/start | User: 01eaaac2-0213-47b1-984f-0b1d30d45f99 | Body: {'feature_used': 'quiz'}
[WATCH] Request reached endpoint: POST /study/sessions/start | User: 01eaaac2-0213-47b1-984f-0b1d30d45f99 | Body: {'feature_used': 'quiz'}
[WATCH] Request reached endpoint: POST /study/sessions/start | User: 00000000-0000-0000-0000-000000000000 | Body: {'feature_used': 'quiz_started'}
[WATCH] Request reached endpoint: POST /study/sessions/start | User: 01eaaac2-0213-47b1-984f-0b1d30d45f99 | Body: {'feature_used': 'quiz_started'}
[WATCH] Request reached endpoint: POST /study/sessions/3d67c648-adbc-49fd-a597-5f4e62591242/end | User: 01eaaac2-0213-47b1-984f-0b1d30d45f99 | Session ID: 3d67c648-adbc-49fd-a597-5f4e62591242
[WATCH] Request reached endpoint: POST /study/sessions/start | User: 01eaaac2-0213-47b1-984f-0b1d30d45f99 | Body: {'feature_used': 'quiz_started'}
[WATCH] Request reached endpoint: POST /study/sessions/770e9228-8d23-49a0-a154-d91ec82291aa/end | User: 01eaaac2-0213-47b1-984f-0b1d30d45f99 | Session ID: 770e9228-8d23-49a0-a154-d91ec82291aa
[WATCH] Request reached endpoint: POST /study/sessions/start | User: 01eaaac2-0213-47b1-984f-0b1d30d45f99 | Body: {'feature_used': 'quiz_started'}
[WATCH] Request reached endpoint: POST /study/sessions/start | User: 01eaaac2-0213-47b1-984f-0b1d30d45f99 | Body: {'feature_used': 'quiz_completed'}
[WATCH] Request reached endpoint: POST /study/sessions/03abefa4-1435-4353-bcc0-4fb2f1bef447/end | User: 01eaaac2-0213-47b1-984f-0b1d30d45f99 | Session ID: 03abefa4-1435-4353-bcc0-4fb2f1bef447
[WATCH] Request reached endpoint: POST /study/sessions/e9ea6227-42dd-4429-9ec0-a6b8ed729d0a/end | User: 01eaaac2-0213-47b1-984f-0b1d30d45f99 | Session ID: e9ea6227-42dd-4429-9ec0-a6b8ed729d0a
[WATCH] Request reached endpoint: POST /study/sessions/start | User: 01eaaac2-0213-47b1-984f-0b1d30d45f99 | Body: {'feature_used': 'chat'}
[WATCH] Request reached endpoint: POST /study/sessions/de03b978-bf63-4091-b7a8-e9de18a087b7/end | User: 01eaaac2-0213-47b1-984f-0b1d30d45f99 | Session ID: de03b978-bf63-4091-b7a8-e9de18a087b7
[WATCH] Request reached endpoint: POST /study/sessions/start | User: 01eaaac2-0213-47b1-984f-0b1d30d45f99 | Body: {'feature_used': 'chat'}
[WATCH] Request reached endpoint: POST /study/sessions/c5e3c5db-d3da-481d-9351-83112ef601f7/end | User: 01eaaac2-0213-47b1-984f-0b1d30d45f99 | Session ID: c5e3c5db-d3da-481d-9351-83112ef601f7
[WATCH] Request reached endpoint: POST /study/sessions/start | User: 01eaaac2-0213-47b1-984f-0b1d30d45f99 | Body: {'feature_used': 'chat'}
[WATCH] Request reached endpoint: POST /study/sessions/d25b2207-03cd-4e9f-848d-10e5a4676cef/end | User: 01eaaac2-0213-47b1-984f-0b1d30d45f99 | Session ID: d25b2207-03cd-4e9f-848d-10e5a4676cef
[WATCH] Request reached endpoint: POST /study/sessions/start | User: 01eaaac2-0213-47b1-984f-0b1d30d45f99 | Body: {'feature_used': 'chat'}
[WATCH] Request reached endpoint: POST /study/sessions/bc0c9154-03fd-4cc5-975e-5a15c2f18b84/end | User: 01eaaac2-0213-47b1-984f-0b1d30d45f99 | Session ID: bc0c9154-03fd-4cc5-975e-5a15c2f18b84
[WATCH] Request reached endpoint: POST /study/sessions/start | User: 01eaaac2-0213-47b1-984f-0b1d30d45f99 | Body: {'feature_used': 'chat'}
[WATCH] Request reached endpoint: POST /study/sessions/ba180176-25eb-4d49-9cc8-e793da321828/end | User: 01eaaac2-0213-47b1-984f-0b1d30d45f99 | Session ID: ba180176-25eb-4d49-9cc8-e793da321828
[WATCH] Request reached endpoint: POST /study/sessions/start | User: 01eaaac2-0213-47b1-984f-0b1d30d45f99 | Body: {'feature_used': 'chat'}
[WATCH] Request reached endpoint: POST /study/sessions/start | User: 01eaaac2-0213-47b1-984f-0b1d30d45f99 | Body: {'feature_used': 'notes'}
[WATCH] Request reached endpoint: POST /study/sessions/f0fad333-dc2d-4b9a-b662-107d256cd6ab/end | User: 01eaaac2-0213-47b1-984f-0b1d30d45f99 | Session ID: f0fad333-dc2d-4b9a-b662-107d256cd6ab
[WATCH] Request reached endpoint: POST /study/sessions/start | User: 01eaaac2-0213-47b1-984f-0b1d30d45f99 | Body: {'feature_used': 'notes'}
[WATCH] Request reached endpoint: POST /study/sessions/76d05a69-7c33-4b1b-834b-9427915b6c0e/end | User: 01eaaac2-0213-47b1-984f-0b1d30d45f99 | Session ID: 76d05a69-7c33-4b1b-834b-9427915b6c0e
[WATCH] Request reached endpoint: POST /study/sessions/start | User: 01eaaac2-0213-47b1-984f-0b1d30d45f99 | Body: {'feature_used': 'notes'}
[WATCH] Request reached endpoint: POST /study/sessions/4549fd8c-4ff6-4bbd-bdcc-2099dc323f5b/end | User: 01eaaac2-0213-47b1-984f-0b1d30d45f99 | Session ID: 4549fd8c-4ff6-4bbd-bdcc-2099dc323f5b
[WATCH] Request reached endpoint: POST /study/sessions/start | User: 01eaaac2-0213-47b1-984f-0b1d30d45f99 | Body: {'feature_used': 'notes'}
[WATCH] Request reached endpoint: POST /study/sessions/0c1e0da3-33a6-46cd-b9ae-b7813b650111/end | User: 01eaaac2-0213-47b1-984f-0b1d30d45f99 | Session ID: 0c1e0da3-33a6-46cd-b9ae-b7813b650111
[WATCH] Request reached endpoint: POST /study/sessions/start | User: 01eaaac2-0213-47b1-984f-0b1d30d45f99 | Body: {'feature_used': 'notes'}
[WATCH] Request reached endpoint: POST /study/sessions/9619fbeb-4466-4db3-85c8-04af465077db/end | User: 01eaaac2-0213-47b1-984f-0b1d30d45f99 | Session ID: 9619fbeb-4466-4db3-85c8-04af465077db
[WATCH] Request reached endpoint: POST /study/sessions/start | User: 01eaaac2-0213-47b1-984f-0b1d30d45f99 | Body: {'feature_used': 'notes'}
[WATCH] Request reached endpoint: POST /study/sessions/start | User: 01eaaac2-0213-47b1-984f-0b1d30d45f99 | Body: {'feature_used': 'notes'}
[WATCH] Request reached endpoint: POST /study/sessions/f38bd998-4f9e-4f7b-b735-1713242b7aae/end | User: 01eaaac2-0213-47b1-984f-0b1d30d45f99 | Session ID: f38bd998-4f9e-4f7b-b735-1713242b7aae
[WATCH] Request reached endpoint: POST /study/sessions/start | User: 01eaaac2-0213-47b1-984f-0b1d30d45f99 | Body: {'feature_used': 'notes'}
[WATCH] Request reached endpoint: POST /study/sessions/0fcb9844-99b7-45c9-af74-d37be884a79c/end | User: 01eaaac2-0213-47b1-984f-0b1d30d45f99 | Session ID: 0fcb9844-99b7-45c9-af74-d37be884a79c
[WATCH] Request reached endpoint: POST /study/sessions/start | User: 01eaaac2-0213-47b1-984f-0b1d30d45f99 | Body: {'feature_used': 'notes'}
[WATCH] Request reached endpoint: POST /study/sessions/start | User: 01eaaac2-0213-47b1-984f-0b1d30d45f99 | Body: {'feature_used': 'notes'}
[WATCH] Request reached endpoint: POST /study/sessions/c88bf1b4-becf-40d2-b01e-a2430272c293/end | User: 01eaaac2-0213-47b1-984f-0b1d30d45f99 | Session ID: c88bf1b4-becf-40d2-b01e-a2430272c293
[WATCH] Request reached endpoint: POST /study/sessions/start | User: 01eaaac2-0213-47b1-984f-0b1d30d45f99 | Body: {'feature_used': 'notes'}
[WATCH] Request reached endpoint: POST /study/sessions/8d483e26-4b32-442b-a1ad-017621acd0fd/end | User: 01eaaac2-0213-47b1-984f-0b1d30d45f99 | Session ID: 8d483e26-4b32-442b-a1ad-017621acd0fd
[WATCH] Request reached endpoint: POST /study/sessions/start | User: 01eaaac2-0213-47b1-984f-0b1d30d45f99 | Body: {'feature_used': 'notes'}
[WATCH] Request reached endpoint: POST /study/sessions/c2777050-4a28-4530-8282-f595093787b2/end | User: 01eaaac2-0213-47b1-984f-0b1d30d45f99 | Session ID: c2777050-4a28-4530-8282-f595093787b2
[WATCH] Request reached endpoint: POST /study/sessions/start | User: 01eaaac2-0213-47b1-984f-0b1d30d45f99 | Body: {'feature_used': 'notes'}
[WATCH] Request reached endpoint: POST /study/sessions/91a13643-2bf3-4c8d-a188-e0a936043f31/end | User: 01eaaac2-0213-47b1-984f-0b1d30d45f99 | Session ID: 91a13643-2bf3-4c8d-a188-e0a936043f31
[WATCH] Request reached endpoint: POST /study/sessions/start | User: 01eaaac2-0213-47b1-984f-0b1d30d45f99 | Body: {'feature_used': 'notes'}
[WATCH] Request reached endpoint: POST /study/sessions/43b0b3e6-8542-44be-b873-57cef26f8fb9/end | User: 01eaaac2-0213-47b1-984f-0b1d30d45f99 | Session ID: 43b0b3e6-8542-44be-b873-57cef26f8fb9
[WATCH] Request reached endpoint: POST /study/sessions/start | User: 01eaaac2-0213-47b1-984f-0b1d30d45f99 | Body: {'feature_used': 'notes'}
[WATCH] Request reached endpoint: POST /study/sessions/164c8acf-2b3c-42c0-985d-e60727959463/end | User: 01eaaac2-0213-47b1-984f-0b1d30d45f99 | Session ID: 164c8acf-2b3c-42c0-985d-e60727959463
[WATCH] Request reached endpoint: POST /study/sessions/164c8acf-2b3c-42c0-985d-e60727959463/end | User: 01eaaac2-0213-47b1-984f-0b1d30d45f99 | Session ID: 164c8acf-2b3c-42c0-985d-e60727959463
[WATCH] Request reached endpoint: POST /study/sessions/start | User: 01eaaac2-0213-47b1-984f-0b1d30d45f99 | Body: {'feature_used': 'notes'}
[WATCH] Request reached endpoint: POST /study/sessions/dc873a05-571a-4e35-bd94-bf669ab423db/end | User: 01eaaac2-0213-47b1-984f-0b1d30d45f99 | Session ID: dc873a05-571a-4e35-bd94-bf669ab423db
[WATCH] Request reached endpoint: POST /study/sessions/start | User: 01eaaac2-0213-47b1-984f-0b1d30d45f99 | Body: {'feature_used': 'notes'}
[WATCH] Request reached endpoint: POST /study/sessions/9acd38f4-1660-4150-b3d5-416ded155c02/end | User: 01eaaac2-0213-47b1-984f-0b1d30d45f99 | Session ID: 9acd38f4-1660-4150-b3d5-416ded155c02
[WATCH] Request reached endpoint: POST /study/sessions/start | User: 01eaaac2-0213-47b1-984f-0b1d30d45f99 | Body: {'feature_used': 'notes'}
[WATCH] Request reached endpoint: POST /study/sessions/c609f17c-c52b-4e18-b03b-8be7df724370/end | User: 01eaaac2-0213-47b1-984f-0b1d30d45f99 | Session ID: c609f17c-c52b-4e18-b03b-8be7df724370
[WATCH] Request reached endpoint: POST /study/sessions/start | User: 01eaaac2-0213-47b1-984f-0b1d30d45f99 | Body: {'feature_used': 'notes'}
[WATCH] Request reached endpoint: POST /study/sessions/521a1913-85e8-4dc1-8763-efc8c624432d/end | User: 01eaaac2-0213-47b1-984f-0b1d30d45f99 | Session ID: 521a1913-85e8-4dc1-8763-efc8c624432d
[WATCH] Request reached endpoint: POST /study/sessions/start | User: 01eaaac2-0213-47b1-984f-0b1d30d45f99 | Body: {'feature_used': 'notes'}
[WATCH] Request reached endpoint: POST /study/sessions/521a1913-85e8-4dc1-8763-efc8c624432d/end | User: 01eaaac2-0213-47b1-984f-0b1d30d45f99 | Session ID: 521a1913-85e8-4dc1-8763-efc8c624432d
[WATCH] Request reached endpoint: POST /study/sessions/start | User: 01eaaac2-0213-47b1-984f-0b1d30d45f99 | Body: {'feature_used': 'notes'}
[WATCH] Request reached endpoint: POST /study/sessions/1b9667eb-6763-4a9d-812f-c1b1f035954e/end | User: 01eaaac2-0213-47b1-984f-0b1d30d45f99 | Session ID: 1b9667eb-6763-4a9d-812f-c1b1f035954e
[WATCH] Request reached endpoint: POST /study/sessions/start | User: 01eaaac2-0213-47b1-984f-0b1d30d45f99 | Body: {'feature_used': 'notes'}
[WATCH] Request reached endpoint: POST /study/sessions/2016d90c-b2b8-43d1-a840-ad50a2855370/end | User: 01eaaac2-0213-47b1-984f-0b1d30d45f99 | Session ID: 2016d90c-b2b8-43d1-a840-ad50a2855370
[WATCH] Request reached endpoint: POST /study/sessions/start | User: 01eaaac2-0213-47b1-984f-0b1d30d45f99 | Body: {'feature_used': 'notes'}
[WATCH] Request reached endpoint: POST /study/sessions/b2f9c0c6-d624-4828-a6db-6ce6adcb2410/end | User: 01eaaac2-0213-47b1-984f-0b1d30d45f99 | Session ID: b2f9c0c6-d624-4828-a6db-6ce6adcb2410
[WATCH] Request reached endpoint: POST /study/sessions/start | User: 01eaaac2-0213-47b1-984f-0b1d30d45f99 | Body: {'feature_used': 'notes'}
[WATCH] Request reached endpoint: POST /study/sessions/c71c3b72-d69f-48ab-b75a-1eba64ab5eb9/end | User: 01eaaac2-0213-47b1-984f-0b1d30d45f99 | Session ID: c71c3b72-d69f-48ab-b75a-1eba64ab5eb9
[WATCH] Request reached endpoint: POST /study/sessions/start | User: 01eaaac2-0213-47b1-984f-0b1d30d45f99 | Body: {'feature_used': 'notes'}
[WATCH] Request reached endpoint: POST /study/sessions/c71c3b72-d69f-48ab-b75a-1eba64ab5eb9/end | User: 01eaaac2-0213-47b1-984f-0b1d30d45f99 | Session ID: c71c3b72-d69f-48ab-b75a-1eba64ab5eb9
[WATCH] Request reached endpoint: POST /study/sessions/c71c3b72-d69f-48ab-b75a-1eba64ab5eb9/end | User: 01eaaac2-0213-47b1-984f-0b1d30d45f99 | Session ID: c71c3b72-d69f-48ab-b75a-1eba64ab5eb9
[WATCH] Request reached endpoint: POST /study/sessions/c71c3b72-d69f-48ab-b75a-1eba64ab5eb9/end | User: 01eaaac2-0213-47b1-984f-0b1d30d45f99 | Session ID: c71c3b72-d69f-48ab-b75a-1eba64ab5eb9
[WATCH] Request reached endpoint: POST /study/sessions/c71c3b72-d69f-48ab-b75a-1eba64ab5eb9/end | User: 01eaaac2-0213-47b1-984f-0b1d30d45f99 | Session ID: c71c3b72-d69f-48ab-b75a-1eba64ab5eb9
[WATCH] Request reached endpoint: POST /study/sessions/start | User: 01eaaac2-0213-47b1-984f-0b1d30d45f99 | Body: {'feature_used': 'notes'}
[WATCH] Request reached endpoint: POST /study/sessions/da3ec59b-fc18-4f2d-9c9e-f4f7f4e46a65/end | User: 01eaaac2-0213-47b1-984f-0b1d30d45f99 | Session ID: da3ec59b-fc18-4f2d-9c9e-f4f7f4e46a65
[WATCH] Request reached endpoint: POST /study/sessions/start | User: 01eaaac2-0213-47b1-984f-0b1d30d45f99 | Body: {'feature_used': 'notes'}
[WATCH] Request reached endpoint: POST /study/sessions/329a6312-561f-417c-a540-4ce7d522a08d/end | User: 01eaaac2-0213-47b1-984f-0b1d30d45f99 | Session ID: 329a6312-561f-417c-a540-4ce7d522a08d
[WATCH] Request reached endpoint: POST /study/sessions/start | User: 01eaaac2-0213-47b1-984f-0b1d30d45f99 | Body: {'feature_used': 'notes'}
[WATCH] Request reached endpoint: POST /study/sessions/b4ca2a04-117b-49d5-b19b-198cf09c17e1/end | User: 01eaaac2-0213-47b1-984f-0b1d30d45f99 | Session ID: b4ca2a04-117b-49d5-b19b-198cf09c17e1
[WATCH] Request reached endpoint: POST /study/sessions/start | User: 01eaaac2-0213-47b1-984f-0b1d30d45f99 | Body: {'feature_used': 'notes'}
[WATCH] Request reached endpoint: POST /study/sessions/start | User: 01eaaac2-0213-47b1-984f-0b1d30d45f99 | Body: {'feature_used': 'notes'}
[WATCH] Request reached endpoint: POST /study/sessions/a42d3110-8085-4249-9af5-66caba06bf75/end | User: 01eaaac2-0213-47b1-984f-0b1d30d45f99 | Session ID: a42d3110-8085-4249-9af5-66caba06bf75
[WATCH] Request reached endpoint: POST /study/sessions/start | User: 01eaaac2-0213-47b1-984f-0b1d30d45f99 | Body: {'feature_used': 'notes'}
[WATCH] Request reached endpoint: POST /study/sessions/8e12c4aa-e0c2-46ef-948c-2ae07d324ff3/end | User: 01eaaac2-0213-47b1-984f-0b1d30d45f99 | Session ID: 8e12c4aa-e0c2-46ef-948c-2ae07d324ff3
[WATCH] Request reached endpoint: POST /study/sessions/start | User: 01eaaac2-0213-47b1-984f-0b1d30d45f99 | Body: {'feature_used': 'notes'}
[WATCH] Request reached endpoint: POST /study/sessions/start | User: 01eaaac2-0213-47b1-984f-0b1d30d45f99 | Body: {'feature_used': 'chat'}
[WATCH] Request reached endpoint: POST /study/sessions/6cbb25aa-1272-4232-a3cb-4bb0457f0f6b/end | User: 01eaaac2-0213-47b1-984f-0b1d30d45f99 | Session ID: 6cbb25aa-1272-4232-a3cb-4bb0457f0f6b
[WATCH] Request reached endpoint: POST /study/sessions/e787d942-130b-4a8e-a4e9-14658e77cf0f/end | User: 01eaaac2-0213-47b1-984f-0b1d30d45f99 | Session ID: e787d942-130b-4a8e-a4e9-14658e77cf0f
[WATCH] Request reached endpoint: POST /study/sessions/start | User: 01eaaac2-0213-47b1-984f-0b1d30d45f99 | Body: {'feature_used': 'chat'}
[WATCH] Request reached endpoint: POST /study/sessions/850886c2-8a59-48e4-bba2-2ac3d4f34e65/end | User: 01eaaac2-0213-47b1-984f-0b1d30d45f99 | Session ID: 850886c2-8a59-48e4-bba2-2ac3d4f34e65
[WATCH] Request reached endpoint: POST /study/sessions/start | User: 01eaaac2-0213-47b1-984f-0b1d30d45f99 | Body: {'feature_used': 'chat'}
[WATCH] Request reached endpoint: POST /study/sessions/start | User: 01eaaac2-0213-47b1-984f-0b1d30d45f99 | Body: {'feature_used': 'notes'}
[WATCH] Request reached endpoint: POST /study/sessions/374fff39-4b9c-4453-84b2-4f6caef8d33f/end | User: 01eaaac2-0213-47b1-984f-0b1d30d45f99 | Session ID: 374fff39-4b9c-4453-84b2-4f6caef8d33f
[WATCH] Request reached endpoint: POST /study/sessions/start | User: 01eaaac2-0213-47b1-984f-0b1d30d45f99 | Body: {'feature_used': 'notes'}
[WATCH] Request reached endpoint: POST /study/sessions/02e2f909-6779-4421-8147-e66f7e30cf07/end | User: 01eaaac2-0213-47b1-984f-0b1d30d45f99 | Session ID: 02e2f909-6779-4421-8147-e66f7e30cf07
[WATCH] Request reached endpoint: POST /study/sessions/start | User: 01eaaac2-0213-47b1-984f-0b1d30d45f99 | Body: {'feature_used': 'notes'}
[WATCH] Request reached endpoint: POST /study/sessions/9a7806bf-2204-4062-a2c7-c8fc724ff1d6/end | User: 01eaaac2-0213-47b1-984f-0b1d30d45f99 | Session ID: 9a7806bf-2204-4062-a2c7-c8fc724ff1d6
[WATCH] Request reached endpoint: POST /study/sessions/start | User: 01eaaac2-0213-47b1-984f-0b1d30d45f99 | Body: {'feature_used': 'notes'}
[WATCH] Request reached endpoint: POST /study/sessions/f5f44691-0672-4da8-8edf-7fc799643992/end | User: 01eaaac2-0213-47b1-984f-0b1d30d45f99 | Session ID: f5f44691-0672-4da8-8edf-7fc799643992
[WATCH] Request reached endpoint: POST /study/sessions/start | User: 01eaaac2-0213-47b1-984f-0b1d30d45f99 | Body: {'feature_used': 'notes'}
[WATCH] Request reached endpoint: POST /study/sessions/9486ba46-9ecd-4bde-81ce-6c1255c8c2b2/end | User: 01eaaac2-0213-47b1-984f-0b1d30d45f99 | Session ID: 9486ba46-9ecd-4bde-81ce-6c1255c8c2b2
[WATCH] Request reached endpoint: POST /study/sessions/start | User: 01eaaac2-0213-47b1-984f-0b1d30d45f99 | Body: {'feature_used': 'notes'}
[WATCH] Request reached endpoint: POST /study/sessions/8d221360-4906-4fa8-9212-25a38faaed6f/end | User: 01eaaac2-0213-47b1-984f-0b1d30d45f99 | Session ID: 8d221360-4906-4fa8-9212-25a38faaed6f
[WATCH] Request reached endpoint: POST /study/sessions/start | User: 01eaaac2-0213-47b1-984f-0b1d30d45f99 | Body: {'feature_used': 'notes'}
[WATCH] Request reached endpoint: POST /study/sessions/df75df34-3c03-4cdd-8746-3cdcfcdd7f6c/end | User: 01eaaac2-0213-47b1-984f-0b1d30d45f99 | Session ID: df75df34-3c03-4cdd-8746-3cdcfcdd7f6c
[WATCH] Request reached endpoint: POST /study/sessions/start | User: 01eaaac2-0213-47b1-984f-0b1d30d45f99 | Body: {'feature_used': 'notes'}
[WATCH] Request reached endpoint: POST /study/sessions/1cbb281b-5ef2-4834-aa49-c3d7077102c7/end | User: 01eaaac2-0213-47b1-984f-0b1d30d45f99 | Session ID: 1cbb281b-5ef2-4834-aa49-c3d7077102c7
[WATCH] Request reached endpoint: POST /study/sessions/start | User: 01eaaac2-0213-47b1-984f-0b1d30d45f99 | Body: {'feature_used': 'notes'}
[WATCH] Request reached endpoint: POST /study/sessions/38602f5b-7109-47e6-93a3-d8157da55ea3/end | User: 01eaaac2-0213-47b1-984f-0b1d30d45f99 | Session ID: 38602f5b-7109-47e6-93a3-d8157da55ea3
[WATCH] Request reached endpoint: POST /study/sessions/start | User: 01eaaac2-0213-47b1-984f-0b1d30d45f99 | Body: {'feature_used': 'notes'}
[WATCH] Request reached endpoint: POST /study/sessions/0396160d-ce54-4cc1-a138-70b065716c8f/end | User: 01eaaac2-0213-47b1-984f-0b1d30d45f99 | Session ID: 0396160d-ce54-4cc1-a138-70b065716c8f
[WATCH] Request reached endpoint: POST /study/sessions/start | User: 01eaaac2-0213-47b1-984f-0b1d30d45f99 | Body: {'feature_used': 'notes'}
[WATCH] Request reached endpoint: POST /study/sessions/822fe7ad-a81e-4532-9c12-042d704c34cc/end | User: 01eaaac2-0213-47b1-984f-0b1d30d45f99 | Session ID: 822fe7ad-a81e-4532-9c12-042d704c34cc
[WATCH] Request reached endpoint: POST /study/sessions/start | User: 01eaaac2-0213-47b1-984f-0b1d30d45f99 | Body: {'feature_used': 'notes'}
[WATCH] Request reached endpoint: POST /study/sessions/432083fc-6403-4755-bc1d-3b4e0d38a420/end | User: 01eaaac2-0213-47b1-984f-0b1d30d45f99 | Session ID: 432083fc-6403-4755-bc1d-3b4e0d38a420
[WATCH] Request reached endpoint: POST /study/sessions/start | User: 01eaaac2-0213-47b1-984f-0b1d30d45f99 | Body: {'feature_used': 'notes'}
[WATCH] Request reached endpoint: POST /study/sessions/b8614d05-eb93-44ef-8855-75fdca649902/end | User: 01eaaac2-0213-47b1-984f-0b1d30d45f99 | Session ID: b8614d05-eb93-44ef-8855-75fdca649902
[WATCH] Request reached endpoint: POST /study/sessions/start | User: 01eaaac2-0213-47b1-984f-0b1d30d45f99 | Body: {'feature_used': 'notes'}
[WATCH] Request reached endpoint: POST /study/sessions/f752bcb0-f2a2-4cfb-9dec-bd2f22fbbbc7/end | User: 01eaaac2-0213-47b1-984f-0b1d30d45f99 | Session ID: f752bcb0-f2a2-4cfb-9dec-bd2f22fbbbc7
[WATCH] Request reached endpoint: POST /study/sessions/start | User: 01eaaac2-0213-47b1-984f-0b1d30d45f99 | Body: {'feature_used': 'notes'}
[WATCH] Request reached endpoint: POST /study/sessions/513d6d0d-b151-4410-a326-fa127d4288ad/end | User: 01eaaac2-0213-47b1-984f-0b1d30d45f99 | Session ID: 513d6d0d-b151-4410-a326-fa127d4288ad
[WATCH] Request reached endpoint: POST /study/sessions/start | User: 01eaaac2-0213-47b1-984f-0b1d30d45f99 | Body: {'feature_used': 'notes'}
[WATCH] Request reached endpoint: POST /study/sessions/4c4ee403-2217-4baf-8c68-a1620b1e20a9/end | User: 01eaaac2-0213-47b1-984f-0b1d30d45f99 | Session ID: 4c4ee403-2217-4baf-8c68-a1620b1e20a9
[WATCH] Request reached endpoint: POST /study/sessions/start | User: 01eaaac2-0213-47b1-984f-0b1d30d45f99 | Body: {'feature_used': 'notes'}
[WATCH] Request reached endpoint: POST /study/sessions/b4ce06cf-6a36-45ef-aa91-9076e48cedc7/end | User: 01eaaac2-0213-47b1-984f-0b1d30d45f99 | Session ID: b4ce06cf-6a36-45ef-aa91-9076e48cedc7
[WATCH] Request reached endpoint: POST /study/sessions/start | User: 01eaaac2-0213-47b1-984f-0b1d30d45f99 | Body: {'feature_used': 'chat'}
[WATCH] Request reached endpoint: POST /study/sessions/4ae40008-6517-4519-914e-57c859ec4436/end | User: 01eaaac2-0213-47b1-984f-0b1d30d45f99 | Session ID: 4ae40008-6517-4519-914e-57c859ec4436
[WATCH] Request reached endpoint: POST /study/sessions/4ae40008-6517-4519-914e-57c859ec4436/end | User: 01eaaac2-0213-47b1-984f-0b1d30d45f99 | Session ID: 4ae40008-6517-4519-914e-57c859ec4436
[WATCH] Request reached endpoint: POST /study/sessions/start | User: 01eaaac2-0213-47b1-984f-0b1d30d45f99 | Body: {'feature_used': 'notes'}
[WATCH] Request reached endpoint: POST /study/sessions/f0f05b91-9ead-4f79-8376-10c09c3e4882/end | User: 01eaaac2-0213-47b1-984f-0b1d30d45f99 | Session ID: f0f05b91-9ead-4f79-8376-10c09c3e4882
[WATCH] Request reached endpoint: POST /study/sessions/start | User: 01eaaac2-0213-47b1-984f-0b1d30d45f99 | Body: {'feature_used': 'notes'}
[WATCH] Request reached endpoint: POST /study/sessions/098ecb9a-b631-428a-bbc2-049a51c0f3ed/end | User: 01eaaac2-0213-47b1-984f-0b1d30d45f99 | Session ID: 098ecb9a-b631-428a-bbc2-049a51c0f3ed
[WATCH] Request reached endpoint: POST /study/sessions/start | User: 01eaaac2-0213-47b1-984f-0b1d30d45f99 | Body: {'feature_used': 'search'}
[WATCH] Request reached endpoint: POST /study/sessions/a659dd5f-dccd-4865-98ec-97d640d39136/end | User: 01eaaac2-0213-47b1-984f-0b1d30d45f99 | Session ID: a659dd5f-dccd-4865-98ec-97d640d39136
[WATCH] Request reached endpoint: POST /study/sessions/start | User: 01eaaac2-0213-47b1-984f-0b1d30d45f99 | Body: {'feature_used': 'search'}
[WATCH] Request reached endpoint: POST /study/sessions/50bd8734-4224-4961-b8ad-5f3195daf13b/end | User: 01eaaac2-0213-47b1-984f-0b1d30d45f99 | Session ID: 50bd8734-4224-4961-b8ad-5f3195daf13b
[WATCH] Request reached endpoint: POST /study/sessions/start | User: 01eaaac2-0213-47b1-984f-0b1d30d45f99 | Body: {'feature_used': 'notes'}
[WATCH] Request reached endpoint: POST /study/sessions/a78dceed-34a2-45f0-987b-4fbe983cf431/end | User: 01eaaac2-0213-47b1-984f-0b1d30d45f99 | Session ID: a78dceed-34a2-45f0-987b-4fbe983cf431
[WATCH] Request reached endpoint: POST /study/sessions/start | User: 01eaaac2-0213-47b1-984f-0b1d30d45f99 | Body: {'feature_used': 'document_reading'}
[WATCH] Request reached endpoint: POST /study/sessions/7836cc8c-4776-4546-a515-bc94fa668c43/end | User: 01eaaac2-0213-47b1-984f-0b1d30d45f99 | Session ID: 7836cc8c-4776-4546-a515-bc94fa668c43
[WATCH] Request reached endpoint: POST /study/sessions/start | User: 01eaaac2-0213-47b1-984f-0b1d30d45f99 | Body: {'feature_used': 'document_reading'}
[WATCH] Request reached endpoint: POST /study/sessions/start | User: 01eaaac2-0213-47b1-984f-0b1d30d45f99 | Body: {'feature_used': 'document_reading'}
[WATCH] Request reached endpoint: POST /study/sessions/ec60152f-c031-4ea3-af5c-9523e6f16327/end | User: 01eaaac2-0213-47b1-984f-0b1d30d45f99 | Session ID: ec60152f-c031-4ea3-af5c-9523e6f16327
[WATCH] Request reached endpoint: POST /study/sessions/start | User: 01eaaac2-0213-47b1-984f-0b1d30d45f99 | Body: {'feature_used': 'document_reading'}
[WATCH] Request reached endpoint: POST /study/sessions/f1214aee-cda0-4533-a112-5a4721b92741/end | User: 01eaaac2-0213-47b1-984f-0b1d30d45f99 | Session ID: f1214aee-cda0-4533-a112-5a4721b92741
[WATCH] Request reached endpoint: POST /study/sessions/start | User: 01eaaac2-0213-47b1-984f-0b1d30d45f99 | Body: {'feature_used': 'document_reading'}
[WATCH] Request reached endpoint: POST /study/sessions/d83457f1-fd7c-425e-8cfc-0dd972102232/end | User: 01eaaac2-0213-47b1-984f-0b1d30d45f99 | Session ID: d83457f1-fd7c-425e-8cfc-0dd972102232
[WATCH] Request reached endpoint: POST /study/sessions/start | User: 01eaaac2-0213-47b1-984f-0b1d30d45f99 | Body: {'feature_used': 'document_reading'}
[WATCH] Request reached endpoint: POST /study/sessions/efc3481d-5334-48f5-abfe-7a92515ed403/end | User: 01eaaac2-0213-47b1-984f-0b1d30d45f99 | Session ID: efc3481d-5334-48f5-abfe-7a92515ed403
[WATCH] Request reached endpoint: POST /study/sessions/start | User: 01eaaac2-0213-47b1-984f-0b1d30d45f99 | Body: {'feature_used': 'document_reading'}
[WATCH] Request reached endpoint: POST /study/sessions/3ac07135-7769-4d43-8fd3-2f2f85f095fa/end | User: 01eaaac2-0213-47b1-984f-0b1d30d45f99 | Session ID: 3ac07135-7769-4d43-8fd3-2f2f85f095fa
[WATCH] Request reached endpoint: POST /study/sessions/start | User: 01eaaac2-0213-47b1-984f-0b1d30d45f99 | Body: {'feature_used': 'document_reading'}
[WATCH] Request reached endpoint: POST /study/sessions/43937c68-6c22-4acb-a948-80f0325cfa50/end | User: 01eaaac2-0213-47b1-984f-0b1d30d45f99 | Session ID: 43937c68-6c22-4acb-a948-80f0325cfa50
[WATCH] Request reached endpoint: POST /study/sessions/start | User: 01eaaac2-0213-47b1-984f-0b1d30d45f99 | Body: {'feature_used': 'document_reading'}
[WATCH] Request reached endpoint: POST /study/sessions/1af4e427-8708-4962-aa2c-e77e2ddcc93c/end | User: 01eaaac2-0213-47b1-984f-0b1d30d45f99 | Session ID: 1af4e427-8708-4962-aa2c-e77e2ddcc93c
[WATCH] Request reached endpoint: POST /study/sessions/start | User: 01eaaac2-0213-47b1-984f-0b1d30d45f99 | Body: {'feature_used': 'document_reading'}
[WATCH] Request reached endpoint: POST /study/sessions/8980827d-2662-46ef-a4be-b781195db1f7/end | User: 01eaaac2-0213-47b1-984f-0b1d30d45f99 | Session ID: 8980827d-2662-46ef-a4be-b781195db1f7
[WATCH] Request reached endpoint: POST /study/sessions/start | User: 01eaaac2-0213-47b1-984f-0b1d30d45f99 | Body: {'feature_used': 'document_reading'}
[WATCH] Request reached endpoint: POST /study/sessions/dbf3cf6a-9b92-4ee9-9d5d-177e75c9f7ee/end | User: 01eaaac2-0213-47b1-984f-0b1d30d45f99 | Session ID: dbf3cf6a-9b92-4ee9-9d5d-177e75c9f7ee
[WATCH] Request reached endpoint: POST /study/sessions/start | User: 01eaaac2-0213-47b1-984f-0b1d30d45f99 | Body: {'feature_used': 'document_reading'}
[WATCH] Request reached endpoint: POST /study/sessions/e41ba410-56c0-45c0-95b8-6473d15885c2/end | User: 01eaaac2-0213-47b1-984f-0b1d30d45f99 | Session ID: e41ba410-56c0-45c0-95b8-6473d15885c2
[WATCH] Request reached endpoint: POST /study/sessions/start | User: 01eaaac2-0213-47b1-984f-0b1d30d45f99 | Body: {'feature_used': 'document_reading'}
[WATCH] Request reached endpoint: POST /study/sessions/bf85d215-fc6f-4c3b-afe0-1c733d226d82/end | User: 01eaaac2-0213-47b1-984f-0b1d30d45f99 | Session ID: bf85d215-fc6f-4c3b-afe0-1c733d226d82
[WATCH] Request reached endpoint: POST /study/sessions/start | User: 01eaaac2-0213-47b1-984f-0b1d30d45f99 | Body: {'feature_used': 'document_reading'}
[WATCH] Request reached endpoint: POST /study/sessions/628fea5d-0fb8-4236-be9f-95276aa0a696/end | User: 01eaaac2-0213-47b1-984f-0b1d30d45f99 | Session ID: 628fea5d-0fb8-4236-be9f-95276aa0a696
[WATCH] Request reached endpoint: POST /study/sessions/start | User: 01eaaac2-0213-47b1-984f-0b1d30d45f99 | Body: {'feature_used': 'document_reading'}
[WATCH] Request reached endpoint: POST /study/sessions/b4a7dcaf-2cf8-4767-94ad-9d15075c7ee7/end | User: 01eaaac2-0213-47b1-984f-0b1d30d45f99 | Session ID: b4a7dcaf-2cf8-4767-94ad-9d15075c7ee7
[WATCH] Request reached endpoint: POST /study/sessions/start | User: 01eaaac2-0213-47b1-984f-0b1d30d45f99 | Body: {'feature_used': 'chat'}
[WATCH] Request reached endpoint: POST /study/sessions/748257ec-bdf0-43ad-a9bc-bb01be5fd29e/end | User: 01eaaac2-0213-47b1-984f-0b1d30d45f99 | Session ID: 748257ec-bdf0-43ad-a9bc-bb01be5fd29e
[WATCH] Request reached endpoint: POST /study/sessions/start | User: 01eaaac2-0213-47b1-984f-0b1d30d45f99 | Body: {'feature_used': 'search'}
[WATCH] Request reached endpoint: POST /study/sessions/start | User: 01eaaac2-0213-47b1-984f-0b1d30d45f99 | Body: {'feature_used': 'chat'}
[WATCH] Request reached endpoint: POST /study/sessions/start | User: 01eaaac2-0213-47b1-984f-0b1d30d45f99 | Body: {'feature_used': 'search'}
[WATCH] Request reached endpoint: POST /study/sessions/82d50ff6-a511-491f-b8ee-778d281aa1ac/end | User: 01eaaac2-0213-47b1-984f-0b1d30d45f99 | Session ID: 82d50ff6-a511-491f-b8ee-778d281aa1ac
[WATCH] Request reached endpoint: POST /study/sessions/start | User: 01eaaac2-0213-47b1-984f-0b1d30d45f99 | Body: {'feature_used': 'notes'}
[WATCH] Request reached endpoint: POST /study/sessions/ef8365f7-485a-4aae-b0e7-89887dd09431/end | User: 01eaaac2-0213-47b1-984f-0b1d30d45f99 | Session ID: ef8365f7-485a-4aae-b0e7-89887dd09431
[WATCH] Request reached endpoint: POST /study/sessions/start | User: eee01ed2-650c-4347-af76-dd5c03202caf | Body: {'feature_used': 'document_reading'}
[WATCH] Request reached endpoint: POST /study/sessions/8c9ef361-521e-47b3-81a2-c6571e353671/end | User: eee01ed2-650c-4347-af76-dd5c03202caf | Session ID: 8c9ef361-521e-47b3-81a2-c6571e353671
[WATCH] Request reached endpoint: POST /study/sessions/start | User: eee01ed2-650c-4347-af76-dd5c03202caf | Body: {'feature_used': 'chat'}
[WATCH] Request reached endpoint: POST /study/sessions/b6c5984a-6065-4611-bfd5-24e717260c28/end | User: eee01ed2-650c-4347-af76-dd5c03202caf | Session ID: b6c5984a-6065-4611-bfd5-24e717260c28
[WATCH] Request reached endpoint: POST /study/sessions/start | User: eee01ed2-650c-4347-af76-dd5c03202caf | Body: {'feature_used': 'chat'}
[WATCH] Request reached endpoint: POST /study/sessions/284ad27b-ba19-4fda-8229-f2f1813cecd4/end | User: eee01ed2-650c-4347-af76-dd5c03202caf | Session ID: 284ad27b-ba19-4fda-8229-f2f1813cecd4
[WATCH] Request reached endpoint: POST /study/sessions/start | User: eee01ed2-650c-4347-af76-dd5c03202caf | Body: {'feature_used': 'chat'}
[WATCH] Request reached endpoint: POST /study/sessions/c91452b6-3092-45a0-93ab-7b9969e9e62d/end | User: eee01ed2-650c-4347-af76-dd5c03202caf | Session ID: c91452b6-3092-45a0-93ab-7b9969e9e62d
[WATCH] Request reached endpoint: POST /study/sessions/start | User: eee01ed2-650c-4347-af76-dd5c03202caf | Body: {'feature_used': 'chat'}
[WATCH] Request reached endpoint: POST /study/sessions/05f59fc3-4ec9-4319-a07d-2353063c838b/end | User: eee01ed2-650c-4347-af76-dd5c03202caf | Session ID: 05f59fc3-4ec9-4319-a07d-2353063c838b
[WATCH] Request reached endpoint: POST /study/sessions/start | User: eee01ed2-650c-4347-af76-dd5c03202caf | Body: {'feature_used': 'chat'}
[WATCH] Request reached endpoint: POST /study/sessions/6e1f1f40-3437-4328-abb3-340e66ee4e50/end | User: eee01ed2-650c-4347-af76-dd5c03202caf | Session ID: 6e1f1f40-3437-4328-abb3-340e66ee4e50
[WATCH] Request reached endpoint: POST /study/sessions/start | User: 01eaaac2-0213-47b1-984f-0b1d30d45f99 | Body: {'feature_used': 'chat'}
[WATCH] Request reached endpoint: POST /study/sessions/7b833704-4adf-4a98-941a-ac2f94e253c3/end | User: 01eaaac2-0213-47b1-984f-0b1d30d45f99 | Session ID: 7b833704-4adf-4a98-941a-ac2f94e253c3
[WATCH] Request reached endpoint: POST /study/sessions/start | User: 01eaaac2-0213-47b1-984f-0b1d30d45f99 | Body: {'feature_used': 'chat'}
[WATCH] Request reached endpoint: POST /study/sessions/52db9ad3-0c4c-432c-a95b-e55e20fe578f/end | User: 01eaaac2-0213-47b1-984f-0b1d30d45f99 | Session ID: 52db9ad3-0c4c-432c-a95b-e55e20fe578f
[WATCH] Request reached endpoint: POST /study/sessions/start | User: 01eaaac2-0213-47b1-984f-0b1d30d45f99 | Body: {'feature_used': 'chat'}
[WATCH] Request reached endpoint: POST /study/sessions/f04e4d64-96d2-4343-ab55-bdb20752395c/end | User: 01eaaac2-0213-47b1-984f-0b1d30d45f99 | Session ID: f04e4d64-96d2-4343-ab55-bdb20752395c
[WATCH] Request reached endpoint: POST /study/sessions/start | User: 01eaaac2-0213-47b1-984f-0b1d30d45f99 | Body: {'feature_used': 'chat'}
[WATCH] Request reached endpoint: POST /study/sessions/5f8782e7-322a-4c46-80e9-9d38d2ed4c08/end | User: 01eaaac2-0213-47b1-984f-0b1d30d45f99 | Session ID: 5f8782e7-322a-4c46-80e9-9d38d2ed4c08
[WATCH] Request reached endpoint: POST /study/sessions/start | User: 01eaaac2-0213-47b1-984f-0b1d30d45f99 | Body: {'feature_used': 'chat'}
[WATCH] Request reached endpoint: POST /study/sessions/89364d98-0125-4e89-869d-b1194bde3d3c/end | User: 01eaaac2-0213-47b1-984f-0b1d30d45f99 | Session ID: 89364d98-0125-4e89-869d-b1194bde3d3c
[WATCH] Request reached endpoint: POST /study/sessions/start | User: 01eaaac2-0213-47b1-984f-0b1d30d45f99 | Body: {'feature_used': 'chat'}
[WATCH] Request reached endpoint: POST /study/sessions/89e3d200-0f74-45c9-a491-05697b9a37d2/end | User: 01eaaac2-0213-47b1-984f-0b1d30d45f99 | Session ID: 89e3d200-0f74-45c9-a491-05697b9a37d2
[WATCH] Request reached endpoint: POST /study/sessions/start | User: 01eaaac2-0213-47b1-984f-0b1d30d45f99 | Body: {'feature_used': 'chat'}
[WATCH] Request reached endpoint: POST /study/sessions/91b1e7c6-5c69-47a5-9f96-88c35087dd09/end | User: 01eaaac2-0213-47b1-984f-0b1d30d45f99 | Session ID: 91b1e7c6-5c69-47a5-9f96-88c35087dd09
[WATCH] Request reached endpoint: POST /study/sessions/start | User: 01eaaac2-0213-47b1-984f-0b1d30d45f99 | Body: {'feature_used': 'chat'}
[WATCH] Request reached endpoint: POST /study/sessions/6e50f936-7114-4682-bc7c-5bc1420adfe3/end | User: 01eaaac2-0213-47b1-984f-0b1d30d45f99 | Session ID: 6e50f936-7114-4682-bc7c-5bc1420adfe3
[WATCH] Request reached endpoint: POST /study/sessions/start | User: 01eaaac2-0213-47b1-984f-0b1d30d45f99 | Body: {'feature_used': 'chat'}
[WATCH] Request reached endpoint: POST /study/sessions/b2a5943c-b35e-4eb7-9155-752a07bac0de/end | User: 01eaaac2-0213-47b1-984f-0b1d30d45f99 | Session ID: b2a5943c-b35e-4eb7-9155-752a07bac0de
[WATCH] Request reached endpoint: POST /study/sessions/start | User: 01eaaac2-0213-47b1-984f-0b1d30d45f99 | Body: {'feature_used': 'quiz_started'}
[WATCH] Request reached endpoint: POST /study/sessions/start | User: 01eaaac2-0213-47b1-984f-0b1d30d45f99 | Body: {'feature_used': 'quiz_generated'}
[WATCH] Request reached endpoint: POST /study/sessions/8973a72c-36b1-4f72-b99d-a86f0644a3ad/end | User: 01eaaac2-0213-47b1-984f-0b1d30d45f99 | Session ID: 8973a72c-36b1-4f72-b99d-a86f0644a3ad
[WATCH] Request reached endpoint: POST /study/sessions/dedce23a-cfe1-4a59-83e4-edf335427c02/end | User: 01eaaac2-0213-47b1-984f-0b1d30d45f99 | Session ID: dedce23a-cfe1-4a59-83e4-edf335427c02
[WATCH] Request reached endpoint: POST /study/sessions/start | User: 01eaaac2-0213-47b1-984f-0b1d30d45f99 | Body: {'feature_used': 'quiz_started'}
[WATCH] Request reached endpoint: POST /study/sessions/start | User: 01eaaac2-0213-47b1-984f-0b1d30d45f99 | Body: {'feature_used': 'quiz_completed'}
[WATCH] Request reached endpoint: POST /study/sessions/f7753ad8-8ff7-4470-8617-1410048c3cf0/end | User: 01eaaac2-0213-47b1-984f-0b1d30d45f99 | Session ID: f7753ad8-8ff7-4470-8617-1410048c3cf0
[WATCH] Request reached endpoint: POST /study/sessions/8158185e-b205-4814-9471-00f437515c08/end | User: 01eaaac2-0213-47b1-984f-0b1d30d45f99 | Session ID: 8158185e-b205-4814-9471-00f437515c08
[WATCH] Request reached endpoint: POST /study/sessions/start | User: 01eaaac2-0213-47b1-984f-0b1d30d45f99 | Body: {'feature_used': 'quiz_started'}
[WATCH] Request reached endpoint: POST /study/sessions/1a902ddf-7560-4f37-8c39-003e2013f7d7/end | User: 01eaaac2-0213-47b1-984f-0b1d30d45f99 | Session ID: 1a902ddf-7560-4f37-8c39-003e2013f7d7
[WATCH] Request reached endpoint: POST /study/sessions/start | User: 01eaaac2-0213-47b1-984f-0b1d30d45f99 | Body: {'feature_used': 'quiz_completed'}
[WATCH] Request reached endpoint: POST /study/sessions/59bd91e3-fbb7-4199-94ed-12cebd119da0/end | User: 01eaaac2-0213-47b1-984f-0b1d30d45f99 | Session ID: 59bd91e3-fbb7-4199-94ed-12cebd119da0
[WATCH] Request reached endpoint: POST /study/sessions/start | User: 01eaaac2-0213-47b1-984f-0b1d30d45f99 | Body: {'feature_used': 'quiz_started'}
[WATCH] Request reached endpoint: POST /study/sessions/5386e677-c62f-41bb-b908-91a07fb30429/end | User: 01eaaac2-0213-47b1-984f-0b1d30d45f99 | Session ID: 5386e677-c62f-41bb-b908-91a07fb30429
[WATCH] Request reached endpoint: POST /study/sessions/start | User: 01eaaac2-0213-47b1-984f-0b1d30d45f99 | Body: {'feature_used': 'quiz_started'}
[WATCH] Request reached endpoint: POST /study/sessions/start | User: 01eaaac2-0213-47b1-984f-0b1d30d45f99 | Body: {'feature_used': 'quiz_completed'}
[WATCH] Request reached endpoint: POST /study/sessions/70e6ea16-c663-4a18-9038-ecdd1e0c96c4/end | User: 01eaaac2-0213-47b1-984f-0b1d30d45f99 | Session ID: 70e6ea16-c663-4a18-9038-ecdd1e0c96c4
[WATCH] Request reached endpoint: POST /study/sessions/44e2d233-6958-4b05-a827-2c28c18b6943/end | User: 01eaaac2-0213-47b1-984f-0b1d30d45f99 | Session ID: 44e2d233-6958-4b05-a827-2c28c18b6943
[WATCH] Request reached endpoint: POST /study/sessions/start | User: 01eaaac2-0213-47b1-984f-0b1d30d45f99 | Body: {'feature_used': 'flashcards'}
[WATCH] Request reached endpoint: POST /study/sessions/c4c98755-ff53-4311-a820-14e1717c763f/end | User: 01eaaac2-0213-47b1-984f-0b1d30d45f99 | Session ID: c4c98755-ff53-4311-a820-14e1717c763f
[WATCH] Request reached endpoint: POST /study/sessions/start | User: 01eaaac2-0213-47b1-984f-0b1d30d45f99 | Body: {'feature_used': 'flashcards'}
[WATCH] Request reached endpoint: POST /study/sessions/0c19e714-8ecb-4133-8a9e-fa058d2598f8/end | User: 01eaaac2-0213-47b1-984f-0b1d30d45f99 | Session ID: 0c19e714-8ecb-4133-8a9e-fa058d2598f8
[WATCH] Request reached endpoint: POST /study/sessions/start | User: 01eaaac2-0213-47b1-984f-0b1d30d45f99 | Body: {'feature_used': 'flashcards'}
[WATCH] Request reached endpoint: POST /study/sessions/15248c0c-e0f1-4d42-9a26-d03c5ae17741/end | User: 01eaaac2-0213-47b1-984f-0b1d30d45f99 | Session ID: 15248c0c-e0f1-4d42-9a26-d03c5ae17741
[WATCH] Request reached endpoint: POST /study/sessions/start | User: 01eaaac2-0213-47b1-984f-0b1d30d45f99 | Body: {'feature_used': 'notes'}
[WATCH] Request reached endpoint: POST /study/sessions/0c324dca-9de3-4762-88eb-1d593e7f3527/end | User: 01eaaac2-0213-47b1-984f-0b1d30d45f99 | Session ID: 0c324dca-9de3-4762-88eb-1d593e7f3527
[WATCH] Request reached endpoint: POST /study/sessions/start | User: 01eaaac2-0213-47b1-984f-0b1d30d45f99 | Body: {'feature_used': 'notes'}
[WATCH] Request reached endpoint: POST /study/sessions/85195a14-0ad7-4a96-9e3d-6be4a66c72f2/end | User: 01eaaac2-0213-47b1-984f-0b1d30d45f99 | Session ID: 85195a14-0ad7-4a96-9e3d-6be4a66c72f2
[WATCH] Request reached endpoint: POST /study/sessions/start | User: 01eaaac2-0213-47b1-984f-0b1d30d45f99 | Body: {'feature_used': 'notes'}
[WATCH] Request reached endpoint: POST /study/sessions/ab4b4dd4-60eb-4bf2-828a-7581afdc3790/end | User: 01eaaac2-0213-47b1-984f-0b1d30d45f99 | Session ID: ab4b4dd4-60eb-4bf2-828a-7581afdc3790
[WATCH] Request reached endpoint: POST /study/sessions/start | User: 01eaaac2-0213-47b1-984f-0b1d30d45f99 | Body: {'feature_used': 'notes'}
[WATCH] Request reached endpoint: POST /study/sessions/09543ede-b7c1-46b2-ad3c-41d370a6517e/end | User: 01eaaac2-0213-47b1-984f-0b1d30d45f99 | Session ID: 09543ede-b7c1-46b2-ad3c-41d370a6517e
[WATCH] Request reached endpoint: POST /study/sessions/start | User: 01eaaac2-0213-47b1-984f-0b1d30d45f99 | Body: {'feature_used': 'notes'}
[WATCH] Request reached endpoint: POST /study/sessions/7b657802-e4af-4cfb-8936-01b8089b86c2/end | User: 01eaaac2-0213-47b1-984f-0b1d30d45f99 | Session ID: 7b657802-e4af-4cfb-8936-01b8089b86c2
[WATCH] Request reached endpoint: POST /study/sessions/start | User: 01eaaac2-0213-47b1-984f-0b1d30d45f99 | Body: {'feature_used': 'notes'}
[WATCH] Request reached endpoint: POST /study/sessions/7b657802-e4af-4cfb-8936-01b8089b86c2/end | User: 01eaaac2-0213-47b1-984f-0b1d30d45f99 | Session ID: 7b657802-e4af-4cfb-8936-01b8089b86c2
[WATCH] Request reached endpoint: POST /study/sessions/start | User: 01eaaac2-0213-47b1-984f-0b1d30d45f99 | Body: {'feature_used': 'chat'}
[WATCH] Request reached endpoint: POST /study/sessions/c556f425-ce8d-45fe-afd0-db1b5ecd2286/end | User: 01eaaac2-0213-47b1-984f-0b1d30d45f99 | Session ID: c556f425-ce8d-45fe-afd0-db1b5ecd2286
[WATCH] Request reached endpoint: POST /study/sessions/start | User: 01eaaac2-0213-47b1-984f-0b1d30d45f99 | Body: {'feature_used': 'search'}
[WATCH] Request reached endpoint: POST /study/sessions/15092c39-2454-4a58-9321-ebfd5eb1bd7a/end | User: 01eaaac2-0213-47b1-984f-0b1d30d45f99 | Session ID: 15092c39-2454-4a58-9321-ebfd5eb1bd7a
[WATCH] Request reached endpoint: POST /study/sessions/start | User: 01eaaac2-0213-47b1-984f-0b1d30d45f99 | Body: {'feature_used': 'quiz'}
[WATCH] Request reached endpoint: POST /study/sessions/713f6525-6ea2-439f-aaf2-93348f1aa5e0/end | User: 01eaaac2-0213-47b1-984f-0b1d30d45f99 | Session ID: 713f6525-6ea2-439f-aaf2-93348f1aa5e0
[WATCH] Request reached endpoint: POST /study/sessions/start | User: 01eaaac2-0213-47b1-984f-0b1d30d45f99 | Body: {'feature_used': 'quiz'}
[WATCH] Request reached endpoint: POST /study/sessions/217ab59e-2de3-4d09-8a59-f66676fedb47/end | User: 01eaaac2-0213-47b1-984f-0b1d30d45f99 | Session ID: 217ab59e-2de3-4d09-8a59-f66676fedb47
[WATCH] Request reached endpoint: POST /study/sessions/start | User: 01eaaac2-0213-47b1-984f-0b1d30d45f99 | Body: {'feature_used': 'flashcards'}
[WATCH] Request reached endpoint: POST /study/sessions/0ecd9e09-7546-4086-8b76-07a0a04d747c/end | User: 01eaaac2-0213-47b1-984f-0b1d30d45f99 | Session ID: 0ecd9e09-7546-4086-8b76-07a0a04d747c
